{"/Users/plebdev/Desktop/code/igloo/src/components/App.tsx": {"path":"/Users/plebdev/Desktop/code/igloo/src/components/App.tsx","statementMap":{"0":{"start":{"line":1,"column":0},"end":{"line":1,"column":58}},"1":{"start":{"line":2,"column":0},"end":{"line":2,"column":46}},"2":{"start":{"line":3,"column":0},"end":{"line":3,"column":40}},"3":{"start":{"line":4,"column":0},"end":{"line":4,"column":40}},"4":{"start":{"line":5,"column":0},"end":{"line":5,"column":58}},"5":{"start":{"line":6,"column":0},"end":{"line":6,"column":42}},"6":{"start":{"line":7,"column":0},"end":{"line":7,"column":47}},"7":{"start":{"line":8,"column":0},"end":{"line":8,"column":79}},"8":{"start":{"line":9,"column":0},"end":{"line":9,"column":47}},"9":{"start":{"line":10,"column":0},"end":{"line":10,"column":61}},"10":{"start":{"line":11,"column":0},"end":{"line":11,"column":49}},"11":{"start":{"line":12,"column":0},"end":{"line":12,"column":56}},"12":{"start":{"line":13,"column":0},"end":{"line":13,"column":54}},"13":{"start":{"line":14,"column":0},"end":{"line":14,"column":58}},"14":{"start":{"line":29,"column":22},"end":{"line":216,"column":1}},"15":{"start":{"line":30,"column":44},"end":{"line":30,"column":59}},"16":{"start":{"line":31,"column":38},"end":{"line":31,"column":71}},"17":{"start":{"line":32,"column":50},"end":{"line":32,"column":65}},"18":{"start":{"line":33,"column":38},"end":{"line":33,"column":71}},"19":{"start":{"line":34,"column":36},"end":{"line":34,"column":51}},"20":{"start":{"line":35,"column":36},"end":{"line":35,"column":54}},"21":{"start":{"line":37,"column":20},"end":{"line":37,"column":46}},"22":{"start":{"line":39,"column":2},"end":{"line":47,"column":9}},"23":{"start":{"line":41,"column":27},"end":{"line":44,"column":6}},"24":{"start":{"line":41,"column":38},"end":{"line":44,"column":6}},"25":{"start":{"line":42,"column":21},"end":{"line":42,"column":57}},"26":{"start":{"line":43,"column":6},"end":{"line":43,"column":63}},"27":{"start":{"line":46,"column":4},"end":{"line":46,"column":21}},"28":{"start":{"line":49,"column":30},"end":{"line":53,"column":3}},"29":{"start":{"line":50,"column":4},"end":{"line":50,"column":24}},"30":{"start":{"line":51,"column":4},"end":{"line":51,"column":30}},"31":{"start":{"line":52,"column":4},"end":{"line":52,"column":28}},"32":{"start":{"line":55,"column":28},"end":{"line":65,"column":3}},"33":{"start":{"line":56,"column":4},"end":{"line":56,"column":46}},"34":{"start":{"line":58,"column":22},"end":{"line":58,"column":85}},"35":{"start":{"line":59,"column":4},"end":{"line":64,"column":5}},"36":{"start":{"line":60,"column":31},"end":{"line":60,"column":73}},"37":{"start":{"line":61,"column":6},"end":{"line":63,"column":7}},"38":{"start":{"line":62,"column":8},"end":{"line":62,"column":33}},"39":{"start":{"line":67,"column":29},"end":{"line":72,"column":4}},"40":{"start":{"line":67,"column":40},"end":{"line":72,"column":4}},"41":{"start":{"line":69,"column":4},"end":{"line":69,"column":63}},"42":{"start":{"line":70,"column":4},"end":{"line":70,"column":24}},"43":{"start":{"line":71,"column":4},"end":{"line":71,"column":28}},"44":{"start":{"line":74,"column":26},"end":{"line":80,"column":4}},"45":{"start":{"line":74,"column":50},"end":{"line":80,"column":4}},"46":{"start":{"line":76,"column":4},"end":{"line":78,"column":5}},"47":{"start":{"line":77,"column":6},"end":{"line":77,"column":65}},"48":{"start":{"line":79,"column":4},"end":{"line":79,"column":24}},"49":{"start":{"line":82,"column":23},"end":{"line":86,"column":3}},"50":{"start":{"line":83,"column":4},"end":{"line":83,"column":24}},"51":{"start":{"line":84,"column":4},"end":{"line":84,"column":31}},"52":{"start":{"line":85,"column":4},"end":{"line":85,"column":28}},"53":{"start":{"line":89,"column":2},"end":{"line":118,"column":3}},"54":{"start":{"line":90,"column":4},"end":{"line":117,"column":6}},"55":{"start":{"line":121,"column":2},"end":{"line":172,"column":3}},"56":{"start":{"line":122,"column":4},"end":{"line":171,"column":6}},"57":{"start":{"line":175,"column":2},"end":{"line":215,"column":null}},"58":{"start":{"line":181,"column":70},"end":{"line":181,"column":93}},"59":{"start":{"line":202,"column":33},"end":{"line":202,"column":55}},"60":{"start":{"line":210,"column":76},"end":{"line":210,"column":98}},"61":{"start":{"line":218,"column":0},"end":{"line":218,"column":19}}},"fnMap":{"0":{"name":"(anonymous_17)","decl":{"start":{"line":29,"column":22},"end":{"line":29,"column":25}},"loc":{"start":{"line":29,"column":27},"end":{"line":216,"column":1}}},"1":{"name":"(anonymous_18)","decl":{"start":{"line":39,"column":12},"end":{"line":39,"column":15}},"loc":{"start":{"line":39,"column":17},"end":{"line":47,"column":3}}},"2":{"name":"(anonymous_19)","decl":{"start":{"line":41,"column":27},"end":{"line":41,"column":36}},"loc":{"start":{"line":41,"column":38},"end":{"line":44,"column":6}}},"3":{"name":"(anonymous_20)","decl":{"start":{"line":41,"column":38},"end":{"line":41,"column":null}},"loc":{"start":{"line":41,"column":38},"end":{"line":44,"column":5}}},"4":{"name":"(anonymous_21)","decl":{"start":{"line":49,"column":30},"end":{"line":49,"column":31}},"loc":{"start":{"line":49,"column":51},"end":{"line":53,"column":3}}},"5":{"name":"(anonymous_22)","decl":{"start":{"line":55,"column":28},"end":{"line":55,"column":29}},"loc":{"start":{"line":55,"column":71},"end":{"line":65,"column":3}}},"6":{"name":"(anonymous_23)","decl":{"start":{"line":67,"column":29},"end":{"line":67,"column":38}},"loc":{"start":{"line":67,"column":40},"end":{"line":72,"column":4}}},"7":{"name":"(anonymous_24)","decl":{"start":{"line":67,"column":40},"end":{"line":67,"column":null}},"loc":{"start":{"line":67,"column":40},"end":{"line":72,"column":3}}},"8":{"name":"(anonymous_25)","decl":{"start":{"line":74,"column":26},"end":{"line":74,"column":33}},"loc":{"start":{"line":74,"column":50},"end":{"line":80,"column":4}}},"9":{"name":"(anonymous_26)","decl":{"start":{"line":74,"column":50},"end":{"line":74,"column":null}},"loc":{"start":{"line":74,"column":50},"end":{"line":80,"column":3}}},"10":{"name":"(anonymous_27)","decl":{"start":{"line":82,"column":23},"end":{"line":82,"column":26}},"loc":{"start":{"line":82,"column":28},"end":{"line":86,"column":3}}},"11":{"name":"(anonymous_28)","decl":{"start":{"line":181,"column":64},"end":{"line":181,"column":67}},"loc":{"start":{"line":181,"column":70},"end":{"line":181,"column":93}}},"12":{"name":"(anonymous_29)","decl":{"start":{"line":202,"column":27},"end":{"line":202,"column":30}},"loc":{"start":{"line":202,"column":33},"end":{"line":202,"column":55}}},"13":{"name":"(anonymous_30)","decl":{"start":{"line":210,"column":70},"end":{"line":210,"column":73}},"loc":{"start":{"line":210,"column":76},"end":{"line":210,"column":98}}}},"branchMap":{"0":{"loc":{"start":{"line":43,"column":19},"end":{"line":43,"column":61}},"type":"binary-expr","locations":[{"start":{"line":43,"column":19},"end":{"line":43,"column":40}},{"start":{"line":43,"column":44},"end":{"line":43,"column":61}}]},"1":{"loc":{"start":{"line":59,"column":4},"end":{"line":64,"column":5}},"type":"if","locations":[{"start":{"line":59,"column":4},"end":{"line":64,"column":5}}]},"2":{"loc":{"start":{"line":61,"column":6},"end":{"line":63,"column":7}},"type":"if","locations":[{"start":{"line":61,"column":6},"end":{"line":63,"column":7}}]},"3":{"loc":{"start":{"line":69,"column":10},"end":{"line":69,"column":62}},"type":"cond-expr","locations":[{"start":{"line":69,"column":27},"end":{"line":69,"column":29}},{"start":{"line":69,"column":27},"end":{"line":69,"column":62}}]},"4":{"loc":{"start":{"line":69,"column":10},"end":{"line":69,"column":29}},"type":"binary-expr","locations":[{"start":{"line":69,"column":10},"end":{"line":69,"column":29}},{"start":{"line":69,"column":27},"end":{"line":69,"column":29}}]},"5":{"loc":{"start":{"line":76,"column":4},"end":{"line":78,"column":5}},"type":"if","locations":[{"start":{"line":76,"column":4},"end":{"line":78,"column":5}}]},"6":{"loc":{"start":{"line":76,"column":8},"end":{"line":76,"column":52}},"type":"binary-expr","locations":[{"start":{"line":76,"column":8},"end":{"line":76,"column":30}},{"start":{"line":76,"column":34},"end":{"line":76,"column":52}}]},"7":{"loc":{"start":{"line":77,"column":12},"end":{"line":77,"column":64}},"type":"cond-expr","locations":[{"start":{"line":77,"column":29},"end":{"line":77,"column":31}},{"start":{"line":77,"column":29},"end":{"line":77,"column":64}}]},"8":{"loc":{"start":{"line":77,"column":12},"end":{"line":77,"column":31}},"type":"binary-expr","locations":[{"start":{"line":77,"column":12},"end":{"line":77,"column":31}},{"start":{"line":77,"column":29},"end":{"line":77,"column":31}}]},"9":{"loc":{"start":{"line":89,"column":2},"end":{"line":118,"column":3}},"type":"if","locations":[{"start":{"line":89,"column":2},"end":{"line":118,"column":3}}]},"10":{"loc":{"start":{"line":89,"column":6},"end":{"line":89,"column":36}},"type":"binary-expr","locations":[{"start":{"line":89,"column":6},"end":{"line":89,"column":22}},{"start":{"line":89,"column":26},"end":{"line":89,"column":36}}]},"11":{"loc":{"start":{"line":121,"column":2},"end":{"line":172,"column":3}},"type":"if","locations":[{"start":{"line":121,"column":2},"end":{"line":172,"column":3}}]},"12":{"loc":{"start":{"line":162,"column":30},"end":{"line":162,"column":47}},"type":"cond-expr","locations":[{"start":{"line":162,"column":40},"end":{"line":162,"column":42}},{"start":{"line":162,"column":30},"end":{"line":162,"column":47}}]},"13":{"loc":{"start":{"line":162,"column":30},"end":{"line":162,"column":42}},"type":"binary-expr","locations":[{"start":{"line":162,"column":30},"end":{"line":162,"column":42}},{"start":{"line":162,"column":30},"end":{"line":162,"column":42}}]},"14":{"loc":{"start":{"line":163,"column":40},"end":{"line":163,"column":67}},"type":"cond-expr","locations":[{"start":{"line":163,"column":50},"end":{"line":163,"column":52}},{"start":{"line":163,"column":40},"end":{"line":163,"column":67}}]},"15":{"loc":{"start":{"line":163,"column":40},"end":{"line":163,"column":52}},"type":"binary-expr","locations":[{"start":{"line":163,"column":40},"end":{"line":163,"column":52}},{"start":{"line":163,"column":40},"end":{"line":163,"column":52}}]},"16":{"loc":{"start":{"line":164,"column":34},"end":{"line":164,"column":55}},"type":"cond-expr","locations":[{"start":{"line":164,"column":44},"end":{"line":164,"column":46}},{"start":{"line":164,"column":34},"end":{"line":164,"column":55}}]},"17":{"loc":{"start":{"line":164,"column":34},"end":{"line":164,"column":46}},"type":"binary-expr","locations":[{"start":{"line":164,"column":34},"end":{"line":164,"column":46}},{"start":{"line":164,"column":34},"end":{"line":164,"column":46}}]},"18":{"loc":{"start":{"line":165,"column":36},"end":{"line":165,"column":59}},"type":"cond-expr","locations":[{"start":{"line":165,"column":46},"end":{"line":165,"column":48}},{"start":{"line":165,"column":36},"end":{"line":165,"column":59}}]},"19":{"loc":{"start":{"line":165,"column":36},"end":{"line":165,"column":48}},"type":"binary-expr","locations":[{"start":{"line":165,"column":36},"end":{"line":165,"column":48}},{"start":{"line":165,"column":36},"end":{"line":165,"column":48}}]},"20":{"loc":{"start":{"line":180,"column":9},"end":{"line":211,"column":null}},"type":"cond-expr","locations":[{"start":{"line":181,"column":10},"end":{"line":181,"column":97}},{"start":{"line":183,"column":10},"end":{"line":210,"column":null}}]},"21":{"loc":{"start":{"line":187,"column":17},"end":{"line":199,"column":null}},"type":"binary-expr","locations":[{"start":{"line":187,"column":17},"end":{"line":187,"column":26}},{"start":{"line":188,"column":18},"end":{"line":197,"column":null}}]}},"s":{"0":1,"1":1,"2":1,"3":1,"4":1,"5":1,"6":1,"7":1,"8":1,"9":1,"10":1,"11":1,"12":1,"13":1,"14":1,"15":28,"16":28,"17":28,"18":28,"19":28,"20":28,"21":28,"22":28,"23":10,"24":10,"25":10,"26":10,"27":10,"28":28,"29":2,"30":2,"31":2,"32":28,"33":3,"34":3,"35":3,"36":3,"37":3,"38":0,"39":28,"40":1,"41":1,"42":1,"43":1,"44":28,"45":0,"46":0,"47":0,"48":0,"49":28,"50":1,"51":1,"52":1,"53":28,"54":2,"55":26,"56":3,"57":23,"58":1,"59":4,"60":0,"61":1},"f":{"0":28,"1":10,"2":10,"3":10,"4":2,"5":3,"6":1,"7":1,"8":0,"9":0,"10":1,"11":1,"12":4,"13":0},"b":{"0":[10,10],"1":[3],"2":[0],"3":[0,1],"4":[1,1],"5":[0],"6":[0,0],"7":[0,0],"8":[0,0],"9":[2],"10":[28,2],"11":[3],"12":[0,3],"13":[3,3],"14":[0,3],"15":[3,3],"16":[0,3],"17":[3,3],"18":[0,3],"19":[3,3],"20":[8,15],"21":[15,2]}}
,"/Users/plebdev/Desktop/code/igloo/src/components/EventLog.tsx": {"path":"/Users/plebdev/Desktop/code/igloo/src/components/EventLog.tsx","statementMap":{"0":{"start":{"line":1,"column":0},"end":{"line":1,"column":26}},"1":{"start":{"line":2,"column":0},"end":{"line":2,"column":67}},"2":{"start":{"line":14,"column":49},"end":{"line":23,"column":1}},"3":{"start":{"line":15,"column":2},"end":{"line":22,"column":4}},"4":{"start":{"line":14,"column":13},"end":{"line":14,"column":49}}},"fnMap":{"0":{"name":"(anonymous_1)","decl":{"start":{"line":14,"column":49},"end":{"line":14,"column":50}},"loc":{"start":{"line":14,"column":104},"end":{"line":23,"column":1}}}},"branchMap":{},"s":{"0":1,"1":1,"2":1,"3":237,"4":1},"f":{"0":237},"b":{}}
,"/Users/plebdev/Desktop/code/igloo/src/components/Signer.tsx": {"path":"/Users/plebdev/Desktop/code/igloo/src/components/Signer.tsx","statementMap":{"0":{"start":{"line":1,"column":0},"end":{"line":1,"column":104}},"1":{"start":{"line":2,"column":0},"end":{"line":2,"column":47}},"2":{"start":{"line":3,"column":0},"end":{"line":3,"column":56}},"3":{"start":{"line":4,"column":0},"end":{"line":4,"column":56}},"4":{"start":{"line":5,"column":0},"end":{"line":5,"column":49}},"5":{"start":{"line":6,"column":0},"end":{"line":6,"column":132}},"6":{"start":{"line":7,"column":0},"end":{"line":7,"column":57}},"7":{"start":{"line":9,"column":0},"end":{"line":9,"column":56}},"8":{"start":{"line":10,"column":0},"end":{"line":10,"column":45}},"9":{"start":{"line":17,"column":19},"end":{"line":37,"column":2}},"10":{"start":{"line":41,"column":22},"end":{"line":41,"column":46}},"11":{"start":{"line":43,"column":15},"end":{"line":566,"column":2}},"12":{"start":{"line":44,"column":48},"end":{"line":44,"column":63}},"13":{"start":{"line":45,"column":42},"end":{"line":45,"column":57}},"14":{"start":{"line":46,"column":42},"end":{"line":46,"column":76}},"15":{"start":{"line":47,"column":42},"end":{"line":47,"column":57}},"16":{"start":{"line":48,"column":36},"end":{"line":48,"column":71}},"17":{"start":{"line":49,"column":40},"end":{"line":49,"column":52}},"18":{"start":{"line":51,"column":48},"end":{"line":51,"column":92}},"19":{"start":{"line":52,"column":42},"end":{"line":52,"column":57}},"20":{"start":{"line":54,"column":42},"end":{"line":57,"column":4}},"21":{"start":{"line":58,"column":26},"end":{"line":58,"column":54}},"22":{"start":{"line":61,"column":18},"end":{"line":61,"column":35}},"23":{"start":{"line":63,"column":2},"end":{"line":70,"column":6}},"24":{"start":{"line":63,"column":34},"end":{"line":70,"column":4}},"25":{"start":{"line":64,"column":27},"end":{"line":69,"column":null}},"26":{"start":{"line":65,"column":6},"end":{"line":65,"column":55}},"27":{"start":{"line":66,"column":6},"end":{"line":68,"column":7}},"28":{"start":{"line":67,"column":8},"end":{"line":67,"column":33}},"29":{"start":{"line":74,"column":25},"end":{"line":109,"column":3}},"30":{"start":{"line":75,"column":4},"end":{"line":77,"column":5}},"31":{"start":{"line":76,"column":6},"end":{"line":76,"column":19}},"32":{"start":{"line":80,"column":4},"end":{"line":87,"column":5}},"33":{"start":{"line":81,"column":6},"end":{"line":86,"column":8}},"34":{"start":{"line":82,"column":8},"end":{"line":85,"column":36}},"35":{"start":{"line":90,"column":4},"end":{"line":108,"column":5}},"36":{"start":{"line":91,"column":28},"end":{"line":91,"column":51}},"37":{"start":{"line":92,"column":6},"end":{"line":104,"column":9}},"38":{"start":{"line":93,"column":8},"end":{"line":93,"column":36}},"39":{"start":{"line":93,"column":23},"end":{"line":93,"column":36}},"40":{"start":{"line":95,"column":8},"end":{"line":103,"column":9}},"41":{"start":{"line":96,"column":32},"end":{"line":98,"column":38}},"42":{"start":{"line":99,"column":10},"end":{"line":99,"column":49}},"43":{"start":{"line":102,"column":10},"end":{"line":102,"column":23}},"44":{"start":{"line":107,"column":6},"end":{"line":107,"column":19}},"45":{"start":{"line":112,"column":17},"end":{"line":127,"column":8}},"46":{"start":{"line":113,"column":22},"end":{"line":113,"column":53}},"47":{"start":{"line":114,"column":15},"end":{"line":114,"column":54}},"48":{"start":{"line":116,"column":4},"end":{"line":126,"column":7}},"49":{"start":{"line":118,"column":6},"end":{"line":123,"column":7}},"50":{"start":{"line":119,"column":27},"end":{"line":119,"column":41}},"51":{"start":{"line":120,"column":8},"end":{"line":122,"column":9}},"52":{"start":{"line":121,"column":10},"end":{"line":121,"column":22}},"53":{"start":{"line":125,"column":6},"end":{"line":125,"column":63}},"54":{"start":{"line":130,"column":22},"end":{"line":154,"column":8}},"55":{"start":{"line":131,"column":4},"end":{"line":153,"column":5}},"56":{"start":{"line":133,"column":27},"end":{"line":133,"column":39}},"57":{"start":{"line":135,"column":6},"end":{"line":141,"column":8}},"58":{"start":{"line":137,"column":8},"end":{"line":139,"column":9}},"59":{"start":{"line":138,"column":10},"end":{"line":138,"column":17}},"60":{"start":{"line":140,"column":8},"end":{"line":140,"column":39}},"61":{"start":{"line":143,"column":6},"end":{"line":152,"column":7}},"62":{"start":{"line":145,"column":8},"end":{"line":145,"column":44}},"63":{"start":{"line":147,"column":8},"end":{"line":147,"column":65}},"64":{"start":{"line":150,"column":8},"end":{"line":150,"column":36}},"65":{"start":{"line":151,"column":8},"end":{"line":151,"column":31}},"66":{"start":{"line":157,"column":2},"end":{"line":165,"column":28}},"67":{"start":{"line":159,"column":4},"end":{"line":164,"column":6}},"68":{"start":{"line":160,"column":6},"end":{"line":163,"column":7}},"69":{"start":{"line":161,"column":8},"end":{"line":161,"column":64}},"70":{"start":{"line":162,"column":8},"end":{"line":162,"column":22}},"71":{"start":{"line":168,"column":2},"end":{"line":178,"column":20}},"72":{"start":{"line":169,"column":4},"end":{"line":172,"column":5}},"73":{"start":{"line":170,"column":25},"end":{"line":170,"column":57}},"74":{"start":{"line":171,"column":6},"end":{"line":171,"column":42}},"75":{"start":{"line":174,"column":4},"end":{"line":177,"column":5}},"76":{"start":{"line":175,"column":25},"end":{"line":175,"column":67}},"77":{"start":{"line":176,"column":6},"end":{"line":176,"column":42}},"78":{"start":{"line":180,"column":21},"end":{"line":190,"column":4}},"79":{"start":{"line":180,"column":70},"end":{"line":190,"column":4}},"80":{"start":{"line":181,"column":4},"end":{"line":189,"column":5}},"81":{"start":{"line":182,"column":6},"end":{"line":182,"column":48}},"82":{"start":{"line":183,"column":6},"end":{"line":183,"column":60}},"83":{"start":{"line":183,"column":30},"end":{"line":183,"column":58}},"84":{"start":{"line":184,"column":6},"end":{"line":186,"column":15}},"85":{"start":{"line":185,"column":8},"end":{"line":185,"column":63}},"86":{"start":{"line":185,"column":32},"end":{"line":185,"column":61}},"87":{"start":{"line":188,"column":6},"end":{"line":188,"column":44}},"88":{"start":{"line":192,"column":28},"end":{"line":218,"column":3}},"89":{"start":{"line":193,"column":4},"end":{"line":193,"column":27}},"90":{"start":{"line":194,"column":23},"end":{"line":194,"column":43}},"91":{"start":{"line":197,"column":4},"end":{"line":217,"column":5}},"92":{"start":{"line":198,"column":6},"end":{"line":214,"column":7}},"93":{"start":{"line":200,"column":29},"end":{"line":200,"column":47}},"94":{"start":{"line":203,"column":8},"end":{"line":209,"column":9}},"95":{"start":{"line":207,"column":10},"end":{"line":207,"column":33}},"96":{"start":{"line":208,"column":10},"end":{"line":208,"column":17}},"97":{"start":{"line":211,"column":8},"end":{"line":211,"column":30}},"98":{"start":{"line":213,"column":8},"end":{"line":213,"column":31}},"99":{"start":{"line":216,"column":6},"end":{"line":216,"column":42}},"100":{"start":{"line":220,"column":28},"end":{"line":246,"column":3}},"101":{"start":{"line":221,"column":4},"end":{"line":221,"column":30}},"102":{"start":{"line":222,"column":23},"end":{"line":222,"column":43}},"103":{"start":{"line":225,"column":4},"end":{"line":245,"column":5}},"104":{"start":{"line":226,"column":6},"end":{"line":242,"column":7}},"105":{"start":{"line":228,"column":29},"end":{"line":228,"column":47}},"106":{"start":{"line":231,"column":8},"end":{"line":237,"column":9}},"107":{"start":{"line":235,"column":10},"end":{"line":235,"column":33}},"108":{"start":{"line":236,"column":10},"end":{"line":236,"column":17}},"109":{"start":{"line":239,"column":8},"end":{"line":239,"column":30}},"110":{"start":{"line":241,"column":8},"end":{"line":241,"column":31}},"111":{"start":{"line":244,"column":6},"end":{"line":244,"column":42}},"112":{"start":{"line":248,"column":25},"end":{"line":253,"column":3}},"113":{"start":{"line":249,"column":4},"end":{"line":252,"column":5}},"114":{"start":{"line":250,"column":6},"end":{"line":250,"column":48}},"115":{"start":{"line":251,"column":6},"end":{"line":251,"column":25}},"116":{"start":{"line":255,"column":28},"end":{"line":257,"column":3}},"117":{"start":{"line":256,"column":4},"end":{"line":256,"column":63}},"118":{"start":{"line":256,"column":41},"end":{"line":256,"column":60}},"119":{"start":{"line":259,"column":28},"end":{"line":344,"column":4}},"120":{"start":{"line":259,"column":39},"end":{"line":344,"column":4}},"121":{"start":{"line":260,"column":4},"end":{"line":263,"column":5}},"122":{"start":{"line":261,"column":6},"end":{"line":261,"column":60}},"123":{"start":{"line":262,"column":6},"end":{"line":262,"column":13}},"124":{"start":{"line":265,"column":4},"end":{"line":343,"column":5}},"125":{"start":{"line":267,"column":6},"end":{"line":267,"column":20}},"126":{"start":{"line":268,"column":6},"end":{"line":268,"column":28}},"127":{"start":{"line":269,"column":6},"end":{"line":269,"column":56}},"128":{"start":{"line":272,"column":21},"end":{"line":276,"column":8}},"129":{"start":{"line":278,"column":6},"end":{"line":278,"column":36}},"130":{"start":{"line":281,"column":6},"end":{"line":285,"column":9}},"131":{"start":{"line":282,"column":8},"end":{"line":282,"column":52}},"132":{"start":{"line":283,"column":8},"end":{"line":283,"column":34}},"133":{"start":{"line":284,"column":8},"end":{"line":284,"column":31}},"134":{"start":{"line":286,"column":6},"end":{"line":290,"column":9}},"135":{"start":{"line":287,"column":8},"end":{"line":287,"column":45}},"136":{"start":{"line":288,"column":8},"end":{"line":288,"column":34}},"137":{"start":{"line":289,"column":8},"end":{"line":289,"column":31}},"138":{"start":{"line":294,"column":8},"end":{"line":294,"column":118}},"139":{"start":{"line":294,"column":64},"end":{"line":294,"column":116}},"140":{"start":{"line":298,"column":6},"end":{"line":298,"column":97}},"141":{"start":{"line":298,"column":55},"end":{"line":298,"column":95}},"142":{"start":{"line":300,"column":6},"end":{"line":300,"column":110}},"143":{"start":{"line":300,"column":61},"end":{"line":300,"column":108}},"144":{"start":{"line":301,"column":6},"end":{"line":301,"column":136}},"145":{"start":{"line":301,"column":79},"end":{"line":301,"column":134}},"146":{"start":{"line":302,"column":6},"end":{"line":302,"column":134}},"147":{"start":{"line":302,"column":75},"end":{"line":302,"column":132}},"148":{"start":{"line":304,"column":6},"end":{"line":304,"column":140}},"149":{"start":{"line":304,"column":74},"end":{"line":304,"column":138}},"150":{"start":{"line":306,"column":6},"end":{"line":306,"column":102}},"151":{"start":{"line":306,"column":56},"end":{"line":306,"column":100}},"152":{"start":{"line":308,"column":6},"end":{"line":308,"column":99}},"153":{"start":{"line":308,"column":56},"end":{"line":308,"column":97}},"154":{"start":{"line":310,"column":6},"end":{"line":310,"column":127}},"155":{"start":{"line":310,"column":72},"end":{"line":310,"column":125}},"156":{"start":{"line":314,"column":6},"end":{"line":314,"column":102}},"157":{"start":{"line":314,"column":55},"end":{"line":314,"column":100}},"158":{"start":{"line":316,"column":6},"end":{"line":316,"column":115}},"159":{"start":{"line":316,"column":61},"end":{"line":316,"column":113}},"160":{"start":{"line":317,"column":6},"end":{"line":317,"column":148}},"161":{"start":{"line":317,"column":86},"end":{"line":317,"column":146}},"162":{"start":{"line":318,"column":6},"end":{"line":318,"column":149}},"163":{"start":{"line":318,"column":85},"end":{"line":318,"column":147}},"164":{"start":{"line":320,"column":6},"end":{"line":320,"column":145}},"165":{"start":{"line":320,"column":74},"end":{"line":320,"column":143}},"166":{"start":{"line":322,"column":6},"end":{"line":322,"column":107}},"167":{"start":{"line":322,"column":56},"end":{"line":322,"column":105}},"168":{"start":{"line":324,"column":6},"end":{"line":324,"column":104}},"169":{"start":{"line":324,"column":56},"end":{"line":324,"column":102}},"170":{"start":{"line":326,"column":6},"end":{"line":326,"column":132}},"171":{"start":{"line":326,"column":72},"end":{"line":326,"column":130}},"172":{"start":{"line":329,"column":6},"end":{"line":336,"column":7}},"173":{"start":{"line":330,"column":8},"end":{"line":330,"column":51}},"174":{"start":{"line":331,"column":8},"end":{"line":331,"column":31}},"175":{"start":{"line":332,"column":8},"end":{"line":332,"column":33}},"176":{"start":{"line":334,"column":8},"end":{"line":334,"column":72}},"177":{"start":{"line":338,"column":27},"end":{"line":338,"column":83}},"178":{"start":{"line":339,"column":6},"end":{"line":339,"column":73}},"179":{"start":{"line":340,"column":6},"end":{"line":340,"column":20}},"180":{"start":{"line":341,"column":6},"end":{"line":341,"column":32}},"181":{"start":{"line":342,"column":6},"end":{"line":342,"column":29}},"182":{"start":{"line":346,"column":27},"end":{"line":356,"column":4}},"183":{"start":{"line":346,"column":38},"end":{"line":356,"column":4}},"184":{"start":{"line":347,"column":4},"end":{"line":355,"column":5}},"185":{"start":{"line":348,"column":6},"end":{"line":348,"column":20}},"186":{"start":{"line":349,"column":6},"end":{"line":349,"column":39}},"187":{"start":{"line":350,"column":6},"end":{"line":350,"column":32}},"188":{"start":{"line":351,"column":6},"end":{"line":351,"column":29}},"189":{"start":{"line":353,"column":27},"end":{"line":353,"column":83}},"190":{"start":{"line":354,"column":6},"end":{"line":354,"column":72}},"191":{"start":{"line":358,"column":34},"end":{"line":364,"column":3}},"192":{"start":{"line":359,"column":4},"end":{"line":363,"column":5}},"193":{"start":{"line":360,"column":6},"end":{"line":360,"column":25}},"194":{"start":{"line":362,"column":6},"end":{"line":362,"column":26}},"195":{"start":{"line":366,"column":2},"end":{"line":565,"column":4}},"196":{"start":{"line":395,"column":39},"end":{"line":395,"column":72}},"197":{"start":{"line":421,"column":37},"end":{"line":421,"column":73}},"198":{"start":{"line":441,"column":39},"end":{"line":441,"column":72}},"199":{"start":{"line":462,"column":37},"end":{"line":462,"column":70}},"200":{"start":{"line":526,"column":35},"end":{"line":526,"column":65}},"201":{"start":{"line":541,"column":18},"end":{"line":541,"column":35}},"202":{"start":{"line":547,"column":37},"end":{"line":547,"column":61}},"203":{"start":{"line":560,"column":31},"end":{"line":560,"column":42}},"204":{"start":{"line":568,"column":0},"end":{"line":568,"column":30}},"205":{"start":{"line":570,"column":0},"end":{"line":570,"column":22}}},"fnMap":{"0":{"name":"(anonymous_16)","decl":{"start":{"line":43,"column":53},"end":{"line":43,"column":54}},"loc":{"start":{"line":43,"column":78},"end":{"line":566,"column":1}}},"1":{"name":"(anonymous_17)","decl":{"start":{"line":63,"column":27},"end":{"line":63,"column":30}},"loc":{"start":{"line":63,"column":34},"end":{"line":70,"column":4}}},"2":{"name":"(anonymous_18)","decl":{"start":{"line":64,"column":16},"end":{"line":64,"column":25}},"loc":{"start":{"line":64,"column":27},"end":{"line":69,"column":null}}},"3":{"name":"(anonymous_19)","decl":{"start":{"line":64,"column":27},"end":{"line":64,"column":null}},"loc":{"start":{"line":64,"column":27},"end":{"line":69,"column":5}}},"4":{"name":"(anonymous_20)","decl":{"start":{"line":74,"column":25},"end":{"line":74,"column":26}},"loc":{"start":{"line":74,"column":79},"end":{"line":109,"column":3}}},"5":{"name":"(anonymous_21)","decl":{"start":{"line":81,"column":29},"end":{"line":81,"column":32}},"loc":{"start":{"line":82,"column":8},"end":{"line":85,"column":36}}},"6":{"name":"(anonymous_22)","decl":{"start":{"line":92,"column":29},"end":{"line":92,"column":32}},"loc":{"start":{"line":92,"column":35},"end":{"line":104,"column":7}}},"7":{"name":"(anonymous_23)","decl":{"start":{"line":112,"column":29},"end":{"line":112,"column":30}},"loc":{"start":{"line":112,"column":75},"end":{"line":127,"column":3}}},"8":{"name":"(anonymous_24)","decl":{"start":{"line":116,"column":12},"end":{"line":116,"column":16}},"loc":{"start":{"line":116,"column":19},"end":{"line":126,"column":5}}},"9":{"name":"(anonymous_25)","decl":{"start":{"line":130,"column":34},"end":{"line":130,"column":37}},"loc":{"start":{"line":130,"column":39},"end":{"line":154,"column":3}}},"10":{"name":"(anonymous_26)","decl":{"start":{"line":135,"column":21},"end":{"line":135,"column":22}},"loc":{"start":{"line":135,"column":57},"end":{"line":141,"column":7}}},"11":{"name":"(anonymous_27)","decl":{"start":{"line":157,"column":12},"end":{"line":157,"column":15}},"loc":{"start":{"line":157,"column":17},"end":{"line":165,"column":3}}},"12":{"name":"(anonymous_28)","decl":{"start":{"line":159,"column":11},"end":{"line":159,"column":14}},"loc":{"start":{"line":159,"column":16},"end":{"line":164,"column":5}}},"13":{"name":"(anonymous_29)","decl":{"start":{"line":168,"column":12},"end":{"line":168,"column":15}},"loc":{"start":{"line":168,"column":17},"end":{"line":178,"column":3}}},"14":{"name":"(anonymous_30)","decl":{"start":{"line":180,"column":21},"end":{"line":180,"column":28}},"loc":{"start":{"line":180,"column":70},"end":{"line":190,"column":4}}},"15":{"name":"(anonymous_31)","decl":{"start":{"line":180,"column":70},"end":{"line":180,"column":null}},"loc":{"start":{"line":180,"column":70},"end":{"line":190,"column":3}}},"16":{"name":"(anonymous_32)","decl":{"start":{"line":183,"column":22},"end":{"line":183,"column":26}},"loc":{"start":{"line":183,"column":30},"end":{"line":183,"column":58}}},"17":{"name":"(anonymous_33)","decl":{"start":{"line":184,"column":17},"end":{"line":184,"column":20}},"loc":{"start":{"line":184,"column":22},"end":{"line":186,"column":7}}},"18":{"name":"(anonymous_34)","decl":{"start":{"line":185,"column":24},"end":{"line":185,"column":28}},"loc":{"start":{"line":185,"column":32},"end":{"line":185,"column":61}}},"19":{"name":"(anonymous_35)","decl":{"start":{"line":192,"column":28},"end":{"line":192,"column":29}},"loc":{"start":{"line":192,"column":46},"end":{"line":218,"column":3}}},"20":{"name":"(anonymous_36)","decl":{"start":{"line":220,"column":28},"end":{"line":220,"column":29}},"loc":{"start":{"line":220,"column":46},"end":{"line":246,"column":3}}},"21":{"name":"(anonymous_37)","decl":{"start":{"line":248,"column":25},"end":{"line":248,"column":28}},"loc":{"start":{"line":248,"column":30},"end":{"line":253,"column":3}}},"22":{"name":"(anonymous_38)","decl":{"start":{"line":255,"column":28},"end":{"line":255,"column":29}},"loc":{"start":{"line":255,"column":52},"end":{"line":257,"column":3}}},"23":{"name":"(anonymous_39)","decl":{"start":{"line":256,"column":34},"end":{"line":256,"column":37}},"loc":{"start":{"line":256,"column":41},"end":{"line":256,"column":60}}},"24":{"name":"(anonymous_40)","decl":{"start":{"line":259,"column":28},"end":{"line":259,"column":37}},"loc":{"start":{"line":259,"column":39},"end":{"line":344,"column":4}}},"25":{"name":"(anonymous_41)","decl":{"start":{"line":259,"column":39},"end":{"line":259,"column":null}},"loc":{"start":{"line":259,"column":39},"end":{"line":344,"column":3}}},"26":{"name":"(anonymous_42)","decl":{"start":{"line":281,"column":31},"end":{"line":281,"column":34}},"loc":{"start":{"line":281,"column":36},"end":{"line":285,"column":7}}},"27":{"name":"(anonymous_43)","decl":{"start":{"line":286,"column":30},"end":{"line":286,"column":31}},"loc":{"start":{"line":286,"column":49},"end":{"line":290,"column":7}}},"28":{"name":"(anonymous_44)","decl":{"start":{"line":294,"column":34},"end":{"line":294,"column":35}},"loc":{"start":{"line":294,"column":64},"end":{"line":294,"column":116}}},"29":{"name":"(anonymous_45)","decl":{"start":{"line":298,"column":41},"end":{"line":298,"column":42}},"loc":{"start":{"line":298,"column":55},"end":{"line":298,"column":95}}},"30":{"name":"(anonymous_46)","decl":{"start":{"line":300,"column":41},"end":{"line":300,"column":42}},"loc":{"start":{"line":300,"column":61},"end":{"line":300,"column":108}}},"31":{"name":"(anonymous_47)","decl":{"start":{"line":301,"column":41},"end":{"line":301,"column":42}},"loc":{"start":{"line":301,"column":79},"end":{"line":301,"column":134}}},"32":{"name":"(anonymous_48)","decl":{"start":{"line":302,"column":41},"end":{"line":302,"column":42}},"loc":{"start":{"line":302,"column":75},"end":{"line":302,"column":132}}},"33":{"name":"(anonymous_49)","decl":{"start":{"line":304,"column":41},"end":{"line":304,"column":42}},"loc":{"start":{"line":304,"column":74},"end":{"line":304,"column":138}}},"34":{"name":"(anonymous_50)","decl":{"start":{"line":306,"column":42},"end":{"line":306,"column":43}},"loc":{"start":{"line":306,"column":56},"end":{"line":306,"column":100}}},"35":{"name":"(anonymous_51)","decl":{"start":{"line":308,"column":42},"end":{"line":308,"column":43}},"loc":{"start":{"line":308,"column":56},"end":{"line":308,"column":97}}},"36":{"name":"(anonymous_52)","decl":{"start":{"line":310,"column":42},"end":{"line":310,"column":43}},"loc":{"start":{"line":310,"column":72},"end":{"line":310,"column":125}}},"37":{"name":"(anonymous_53)","decl":{"start":{"line":314,"column":41},"end":{"line":314,"column":42}},"loc":{"start":{"line":314,"column":55},"end":{"line":314,"column":100}}},"38":{"name":"(anonymous_54)","decl":{"start":{"line":316,"column":41},"end":{"line":316,"column":42}},"loc":{"start":{"line":316,"column":61},"end":{"line":316,"column":113}}},"39":{"name":"(anonymous_55)","decl":{"start":{"line":317,"column":41},"end":{"line":317,"column":42}},"loc":{"start":{"line":317,"column":86},"end":{"line":317,"column":146}}},"40":{"name":"(anonymous_56)","decl":{"start":{"line":318,"column":41},"end":{"line":318,"column":42}},"loc":{"start":{"line":318,"column":85},"end":{"line":318,"column":147}}},"41":{"name":"(anonymous_57)","decl":{"start":{"line":320,"column":41},"end":{"line":320,"column":42}},"loc":{"start":{"line":320,"column":74},"end":{"line":320,"column":143}}},"42":{"name":"(anonymous_58)","decl":{"start":{"line":322,"column":42},"end":{"line":322,"column":43}},"loc":{"start":{"line":322,"column":56},"end":{"line":322,"column":105}}},"43":{"name":"(anonymous_59)","decl":{"start":{"line":324,"column":42},"end":{"line":324,"column":43}},"loc":{"start":{"line":324,"column":56},"end":{"line":324,"column":102}}},"44":{"name":"(anonymous_60)","decl":{"start":{"line":326,"column":42},"end":{"line":326,"column":43}},"loc":{"start":{"line":326,"column":72},"end":{"line":326,"column":130}}},"45":{"name":"(anonymous_61)","decl":{"start":{"line":346,"column":27},"end":{"line":346,"column":36}},"loc":{"start":{"line":346,"column":38},"end":{"line":356,"column":4}}},"46":{"name":"(anonymous_62)","decl":{"start":{"line":346,"column":38},"end":{"line":346,"column":null}},"loc":{"start":{"line":346,"column":38},"end":{"line":356,"column":3}}},"47":{"name":"(anonymous_63)","decl":{"start":{"line":358,"column":34},"end":{"line":358,"column":37}},"loc":{"start":{"line":358,"column":39},"end":{"line":364,"column":3}}},"48":{"name":"(anonymous_64)","decl":{"start":{"line":395,"column":32},"end":{"line":395,"column":33}},"loc":{"start":{"line":395,"column":39},"end":{"line":395,"column":72}}},"49":{"name":"(anonymous_65)","decl":{"start":{"line":421,"column":31},"end":{"line":421,"column":34}},"loc":{"start":{"line":421,"column":37},"end":{"line":421,"column":73}}},"50":{"name":"(anonymous_66)","decl":{"start":{"line":441,"column":32},"end":{"line":441,"column":33}},"loc":{"start":{"line":441,"column":39},"end":{"line":441,"column":72}}},"51":{"name":"(anonymous_67)","decl":{"start":{"line":462,"column":31},"end":{"line":462,"column":34}},"loc":{"start":{"line":462,"column":37},"end":{"line":462,"column":70}}},"52":{"name":"(anonymous_68)","decl":{"start":{"line":526,"column":28},"end":{"line":526,"column":29}},"loc":{"start":{"line":526,"column":35},"end":{"line":526,"column":65}}},"53":{"name":"(anonymous_69)","decl":{"start":{"line":540,"column":31},"end":{"line":540,"column":32}},"loc":{"start":{"line":541,"column":18},"end":{"line":541,"column":35}}},"54":{"name":"(anonymous_70)","decl":{"start":{"line":547,"column":31},"end":{"line":547,"column":34}},"loc":{"start":{"line":547,"column":37},"end":{"line":547,"column":61}}},"55":{"name":"(anonymous_71)","decl":{"start":{"line":560,"column":25},"end":{"line":560,"column":28}},"loc":{"start":{"line":560,"column":31},"end":{"line":560,"column":42}}}},"branchMap":{"0":{"loc":{"start":{"line":46,"column":51},"end":{"line":46,"column":75}},"type":"binary-expr","locations":[{"start":{"line":46,"column":51},"end":{"line":46,"column":69}},{"start":{"line":46,"column":73},"end":{"line":46,"column":75}}]},"1":{"loc":{"start":{"line":46,"column":51},"end":{"line":46,"column":69}},"type":"cond-expr","locations":[{"start":{"line":46,"column":62},"end":{"line":46,"column":64}},{"start":{"line":46,"column":51},"end":{"line":46,"column":69}}]},"2":{"loc":{"start":{"line":46,"column":51},"end":{"line":46,"column":64}},"type":"binary-expr","locations":[{"start":{"line":46,"column":51},"end":{"line":46,"column":64}},{"start":{"line":46,"column":51},"end":{"line":46,"column":64}}]},"3":{"loc":{"start":{"line":51,"column":57},"end":{"line":51,"column":91}},"type":"binary-expr","locations":[{"start":{"line":51,"column":57},"end":{"line":51,"column":85}},{"start":{"line":51,"column":89},"end":{"line":51,"column":91}}]},"4":{"loc":{"start":{"line":51,"column":57},"end":{"line":51,"column":85}},"type":"cond-expr","locations":[{"start":{"line":51,"column":68},"end":{"line":51,"column":70}},{"start":{"line":51,"column":57},"end":{"line":51,"column":85}}]},"5":{"loc":{"start":{"line":51,"column":57},"end":{"line":51,"column":70}},"type":"binary-expr","locations":[{"start":{"line":51,"column":57},"end":{"line":51,"column":70}},{"start":{"line":51,"column":57},"end":{"line":51,"column":70}}]},"6":{"loc":{"start":{"line":66,"column":6},"end":{"line":68,"column":7}},"type":"if","locations":[{"start":{"line":66,"column":6},"end":{"line":68,"column":7}}]},"7":{"loc":{"start":{"line":75,"column":4},"end":{"line":77,"column":5}},"type":"if","locations":[{"start":{"line":75,"column":4},"end":{"line":77,"column":5}}]},"8":{"loc":{"start":{"line":75,"column":8},"end":{"line":75,"column":47}},"type":"binary-expr","locations":[{"start":{"line":75,"column":8},"end":{"line":75,"column":16}},{"start":{"line":75,"column":20},"end":{"line":75,"column":47}}]},"9":{"loc":{"start":{"line":80,"column":4},"end":{"line":87,"column":5}},"type":"if","locations":[{"start":{"line":80,"column":4},"end":{"line":87,"column":5}}]},"10":{"loc":{"start":{"line":80,"column":8},"end":{"line":80,"column":33}},"type":"binary-expr","locations":[{"start":{"line":80,"column":8},"end":{"line":80,"column":18}},{"start":{"line":80,"column":22},"end":{"line":80,"column":33}}]},"11":{"loc":{"start":{"line":82,"column":8},"end":{"line":85,"column":36}},"type":"binary-expr","locations":[{"start":{"line":82,"column":8},"end":{"line":82,"column":16}},{"start":{"line":83,"column":8},"end":{"line":83,"column":36}},{"start":{"line":84,"column":8},"end":{"line":84,"column":34}},{"start":{"line":85,"column":8},"end":{"line":85,"column":36}}]},"12":{"loc":{"start":{"line":93,"column":8},"end":{"line":93,"column":36}},"type":"if","locations":[{"start":{"line":93,"column":8},"end":{"line":93,"column":36}}]},"13":{"loc":{"start":{"line":96,"column":32},"end":{"line":98,"column":38}},"type":"cond-expr","locations":[{"start":{"line":97,"column":14},"end":{"line":97,"column":22}},{"start":{"line":98,"column":14},"end":{"line":98,"column":38}}]},"14":{"loc":{"start":{"line":118,"column":6},"end":{"line":123,"column":7}},"type":"if","locations":[{"start":{"line":118,"column":6},"end":{"line":123,"column":7}}]},"15":{"loc":{"start":{"line":120,"column":8},"end":{"line":122,"column":9}},"type":"if","locations":[{"start":{"line":120,"column":8},"end":{"line":122,"column":9}}]},"16":{"loc":{"start":{"line":131,"column":4},"end":{"line":153,"column":5}},"type":"if","locations":[{"start":{"line":131,"column":4},"end":{"line":153,"column":5}}]},"17":{"loc":{"start":{"line":137,"column":8},"end":{"line":139,"column":9}},"type":"if","locations":[{"start":{"line":137,"column":8},"end":{"line":139,"column":9}}]},"18":{"loc":{"start":{"line":137,"column":12},"end":{"line":137,"column":95}},"type":"binary-expr","locations":[{"start":{"line":137,"column":12},"end":{"line":137,"column":39}},{"start":{"line":137,"column":43},"end":{"line":137,"column":95}}]},"19":{"loc":{"start":{"line":160,"column":6},"end":{"line":163,"column":7}},"type":"if","locations":[{"start":{"line":160,"column":6},"end":{"line":163,"column":7}}]},"20":{"loc":{"start":{"line":169,"column":4},"end":{"line":172,"column":5}},"type":"if","locations":[{"start":{"line":169,"column":4},"end":{"line":172,"column":5}}]},"21":{"loc":{"start":{"line":169,"column":8},"end":{"line":169,"column":26}},"type":"cond-expr","locations":[{"start":{"line":169,"column":19},"end":{"line":169,"column":21}},{"start":{"line":169,"column":8},"end":{"line":169,"column":26}}]},"22":{"loc":{"start":{"line":169,"column":8},"end":{"line":169,"column":21}},"type":"binary-expr","locations":[{"start":{"line":169,"column":8},"end":{"line":169,"column":21}},{"start":{"line":169,"column":8},"end":{"line":169,"column":21}}]},"23":{"loc":{"start":{"line":174,"column":4},"end":{"line":177,"column":5}},"type":"if","locations":[{"start":{"line":174,"column":4},"end":{"line":177,"column":5}}]},"24":{"loc":{"start":{"line":174,"column":8},"end":{"line":174,"column":36}},"type":"cond-expr","locations":[{"start":{"line":174,"column":19},"end":{"line":174,"column":21}},{"start":{"line":174,"column":8},"end":{"line":174,"column":36}}]},"25":{"loc":{"start":{"line":174,"column":8},"end":{"line":174,"column":21}},"type":"binary-expr","locations":[{"start":{"line":174,"column":8},"end":{"line":174,"column":21}},{"start":{"line":174,"column":8},"end":{"line":174,"column":21}}]},"26":{"loc":{"start":{"line":197,"column":4},"end":{"line":217,"column":5}},"type":"if","locations":[{"start":{"line":197,"column":4},"end":{"line":217,"column":5}},{"start":{"line":215,"column":11},"end":{"line":217,"column":5}}]},"27":{"loc":{"start":{"line":197,"column":8},"end":{"line":197,"column":42}},"type":"binary-expr","locations":[{"start":{"line":197,"column":8},"end":{"line":197,"column":26}},{"start":{"line":197,"column":30},"end":{"line":197,"column":42}}]},"28":{"loc":{"start":{"line":203,"column":8},"end":{"line":209,"column":9}},"type":"if","locations":[{"start":{"line":203,"column":8},"end":{"line":209,"column":9}}]},"29":{"loc":{"start":{"line":203,"column":12},"end":{"line":206,"column":54}},"type":"binary-expr","locations":[{"start":{"line":203,"column":12},"end":{"line":203,"column":48}},{"start":{"line":204,"column":12},"end":{"line":204,"column":51}},{"start":{"line":205,"column":12},"end":{"line":205,"column":54}},{"start":{"line":206,"column":12},"end":{"line":206,"column":54}}]},"30":{"loc":{"start":{"line":225,"column":4},"end":{"line":245,"column":5}},"type":"if","locations":[{"start":{"line":225,"column":4},"end":{"line":245,"column":5}},{"start":{"line":243,"column":11},"end":{"line":245,"column":5}}]},"31":{"loc":{"start":{"line":225,"column":8},"end":{"line":225,"column":42}},"type":"binary-expr","locations":[{"start":{"line":225,"column":8},"end":{"line":225,"column":26}},{"start":{"line":225,"column":30},"end":{"line":225,"column":42}}]},"32":{"loc":{"start":{"line":231,"column":8},"end":{"line":237,"column":9}},"type":"if","locations":[{"start":{"line":231,"column":8},"end":{"line":237,"column":9}}]},"33":{"loc":{"start":{"line":231,"column":12},"end":{"line":234,"column":45}},"type":"binary-expr","locations":[{"start":{"line":231,"column":12},"end":{"line":231,"column":54}},{"start":{"line":232,"column":12},"end":{"line":232,"column":53}},{"start":{"line":233,"column":12},"end":{"line":233,"column":48}},{"start":{"line":234,"column":12},"end":{"line":234,"column":45}}]},"34":{"loc":{"start":{"line":249,"column":4},"end":{"line":252,"column":5}},"type":"if","locations":[{"start":{"line":249,"column":4},"end":{"line":252,"column":5}}]},"35":{"loc":{"start":{"line":249,"column":8},"end":{"line":249,"column":55}},"type":"binary-expr","locations":[{"start":{"line":249,"column":8},"end":{"line":249,"column":19}},{"start":{"line":249,"column":23},"end":{"line":249,"column":55}}]},"36":{"loc":{"start":{"line":260,"column":4},"end":{"line":263,"column":5}},"type":"if","locations":[{"start":{"line":260,"column":4},"end":{"line":263,"column":5}}]},"37":{"loc":{"start":{"line":260,"column":8},"end":{"line":260,"column":64}},"type":"binary-expr","locations":[{"start":{"line":260,"column":8},"end":{"line":260,"column":21}},{"start":{"line":260,"column":25},"end":{"line":260,"column":38}},{"start":{"line":260,"column":42},"end":{"line":260,"column":64}}]},"38":{"loc":{"start":{"line":329,"column":6},"end":{"line":336,"column":7}},"type":"if","locations":[{"start":{"line":329,"column":6},"end":{"line":336,"column":7}},{"start":{"line":333,"column":13},"end":{"line":336,"column":7}}]},"39":{"loc":{"start":{"line":338,"column":27},"end":{"line":338,"column":83}},"type":"cond-expr","locations":[{"start":{"line":338,"column":52},"end":{"line":338,"column":65}},{"start":{"line":338,"column":68},"end":{"line":338,"column":83}}]},"40":{"loc":{"start":{"line":353,"column":27},"end":{"line":353,"column":83}},"type":"cond-expr","locations":[{"start":{"line":353,"column":52},"end":{"line":353,"column":65}},{"start":{"line":353,"column":68},"end":{"line":353,"column":83}}]},"41":{"loc":{"start":{"line":359,"column":4},"end":{"line":363,"column":5}},"type":"if","locations":[{"start":{"line":359,"column":4},"end":{"line":363,"column":5}},{"start":{"line":361,"column":11},"end":{"line":363,"column":5}}]},"42":{"loc":{"start":{"line":397,"column":32},"end":{"line":397,"column":63}},"type":"binary-expr","locations":[{"start":{"line":397,"column":32},"end":{"line":397,"column":47}},{"start":{"line":397,"column":51},"end":{"line":397,"column":63}}]},"43":{"loc":{"start":{"line":423,"column":32},"end":{"line":423,"column":65}},"type":"binary-expr","locations":[{"start":{"line":423,"column":32},"end":{"line":423,"column":48}},{"start":{"line":423,"column":52},"end":{"line":423,"column":65}}]},"44":{"loc":{"start":{"line":426,"column":23},"end":{"line":426,"column":104}},"type":"cond-expr","locations":[{"start":{"line":426,"column":44},"end":{"line":426,"column":73}},{"start":{"line":426,"column":76},"end":{"line":426,"column":104}}]},"45":{"loc":{"start":{"line":443,"column":32},"end":{"line":443,"column":63}},"type":"binary-expr","locations":[{"start":{"line":443,"column":32},"end":{"line":443,"column":47}},{"start":{"line":443,"column":51},"end":{"line":443,"column":63}}]},"46":{"loc":{"start":{"line":464,"column":32},"end":{"line":464,"column":62}},"type":"binary-expr","locations":[{"start":{"line":464,"column":32},"end":{"line":464,"column":45}},{"start":{"line":464,"column":49},"end":{"line":464,"column":62}}]},"47":{"loc":{"start":{"line":467,"column":23},"end":{"line":467,"column":104}},"type":"cond-expr","locations":[{"start":{"line":467,"column":44},"end":{"line":467,"column":73}},{"start":{"line":467,"column":76},"end":{"line":467,"column":104}}]},"48":{"loc":{"start":{"line":479,"column":20},"end":{"line":483,"column":null}},"type":"cond-expr","locations":[{"start":{"line":480,"column":24},"end":{"line":480,"column":54}},{"start":{"line":481,"column":24},"end":{"line":483,"column":null}}]},"49":{"loc":{"start":{"line":481,"column":24},"end":{"line":483,"column":null}},"type":"cond-expr","locations":[{"start":{"line":482,"column":24},"end":{"line":482,"column":55}},{"start":{"line":483,"column":24},"end":{"line":483,"column":null}}]},"50":{"loc":{"start":{"line":487,"column":22},"end":{"line":489,"column":31}},"type":"cond-expr","locations":[{"start":{"line":487,"column":40},"end":{"line":487,"column":49}},{"start":{"line":488,"column":22},"end":{"line":489,"column":31}}]},"51":{"loc":{"start":{"line":488,"column":22},"end":{"line":489,"column":31}},"type":"cond-expr","locations":[{"start":{"line":488,"column":37},"end":{"line":488,"column":52}},{"start":{"line":489,"column":22},"end":{"line":489,"column":31}}]},"52":{"loc":{"start":{"line":496,"column":20},"end":{"line":498,"column":null}},"type":"cond-expr","locations":[{"start":{"line":497,"column":24},"end":{"line":497,"column":53}},{"start":{"line":498,"column":24},"end":{"line":498,"column":null}}]},"53":{"loc":{"start":{"line":500,"column":28},"end":{"line":500,"column":100}},"type":"binary-expr","locations":[{"start":{"line":500,"column":28},"end":{"line":500,"column":41}},{"start":{"line":500,"column":45},"end":{"line":500,"column":58}},{"start":{"line":500,"column":62},"end":{"line":500,"column":84}},{"start":{"line":500,"column":88},"end":{"line":500,"column":100}}]},"54":{"loc":{"start":{"line":502,"column":19},"end":{"line":502,"column":100}},"type":"cond-expr","locations":[{"start":{"line":502,"column":37},"end":{"line":502,"column":50}},{"start":{"line":502,"column":53},"end":{"line":502,"column":100}}]},"55":{"loc":{"start":{"line":502,"column":53},"end":{"line":502,"column":100}},"type":"cond-expr","locations":[{"start":{"line":502,"column":68},"end":{"line":502,"column":83}},{"start":{"line":502,"column":86},"end":{"line":502,"column":100}}]},"56":{"loc":{"start":{"line":528,"column":28},"end":{"line":528,"column":59}},"type":"binary-expr","locations":[{"start":{"line":528,"column":28},"end":{"line":528,"column":43}},{"start":{"line":528,"column":47},"end":{"line":528,"column":59}}]},"57":{"loc":{"start":{"line":533,"column":28},"end":{"line":533,"column":82}},"type":"binary-expr","locations":[{"start":{"line":533,"column":28},"end":{"line":533,"column":47}},{"start":{"line":533,"column":51},"end":{"line":533,"column":66}},{"start":{"line":533,"column":70},"end":{"line":533,"column":82}}]},"58":{"loc":{"start":{"line":549,"column":32},"end":{"line":549,"column":88}},"type":"binary-expr","locations":[{"start":{"line":549,"column":32},"end":{"line":549,"column":47}},{"start":{"line":549,"column":51},"end":{"line":549,"column":63}},{"start":{"line":549,"column":67},"end":{"line":549,"column":88}}]}},"s":{"0":1,"1":1,"2":1,"3":1,"4":1,"5":1,"6":1,"7":1,"8":1,"9":1,"10":1,"11":1,"12":237,"13":237,"14":237,"15":237,"16":237,"17":237,"18":237,"19":237,"20":237,"21":237,"22":237,"23":237,"24":0,"25":0,"26":0,"27":0,"28":0,"29":237,"30":0,"31":0,"32":0,"33":0,"34":0,"35":0,"36":0,"37":0,"38":0,"39":0,"40":0,"41":0,"42":0,"43":0,"44":0,"45":237,"46":9,"47":9,"48":9,"49":9,"50":0,"51":0,"52":0,"53":9,"54":237,"55":6,"56":3,"57":3,"58":0,"59":0,"60":0,"61":3,"62":3,"63":0,"64":3,"65":3,"66":237,"67":25,"68":25,"69":3,"70":3,"71":237,"72":25,"73":4,"74":4,"75":25,"76":4,"77":4,"78":237,"79":0,"80":0,"81":0,"82":0,"83":0,"84":0,"85":0,"86":0,"87":0,"88":237,"89":67,"90":67,"91":67,"92":54,"93":54,"94":54,"95":0,"96":0,"97":54,"98":0,"99":13,"100":237,"101":65,"102":65,"103":65,"104":65,"105":65,"106":65,"107":0,"108":0,"109":65,"110":0,"111":0,"112":237,"113":3,"114":3,"115":3,"116":237,"117":1,"118":2,"119":237,"120":3,"121":3,"122":0,"123":0,"124":3,"125":3,"126":3,"127":3,"128":3,"129":3,"130":3,"131":0,"132":0,"133":0,"134":3,"135":0,"136":0,"137":0,"138":3,"139":0,"140":3,"141":0,"142":3,"143":0,"144":3,"145":0,"146":3,"147":0,"148":3,"149":0,"150":3,"151":0,"152":3,"153":0,"154":3,"155":0,"156":3,"157":0,"158":3,"159":0,"160":3,"161":0,"162":3,"163":0,"164":3,"165":0,"166":3,"167":0,"168":3,"169":0,"170":3,"171":0,"172":3,"173":3,"174":3,"175":3,"176":0,"177":0,"178":0,"179":0,"180":0,"181":0,"182":237,"183":0,"184":0,"185":0,"186":0,"187":0,"188":0,"189":0,"190":0,"191":237,"192":3,"193":0,"194":3,"195":237,"196":65,"197":0,"198":67,"199":0,"200":60,"201":240,"202":1,"203":0,"204":1,"205":1},"f":{"0":237,"1":0,"2":0,"3":0,"4":0,"5":0,"6":0,"7":9,"8":9,"9":6,"10":0,"11":25,"12":25,"13":25,"14":0,"15":0,"16":0,"17":0,"18":0,"19":67,"20":65,"21":3,"22":1,"23":2,"24":3,"25":3,"26":0,"27":0,"28":0,"29":0,"30":0,"31":0,"32":0,"33":0,"34":0,"35":0,"36":0,"37":0,"38":0,"39":0,"40":0,"41":0,"42":0,"43":0,"44":0,"45":0,"46":0,"47":3,"48":65,"49":0,"50":67,"51":0,"52":60,"53":240,"54":1,"55":0},"b":{"0":[237,229],"1":[229,8],"2":[237,237],"3":[237,229],"4":[229,8],"5":[237,237],"6":[0],"7":[0],"8":[0,0],"9":[0],"10":[0,0],"11":[0,0,0,0],"12":[0],"13":[0,0],"14":[0],"15":[0],"16":[3],"17":[0],"18":[0,0],"19":[3],"20":[4],"21":[21,4],"22":[25,25],"23":[4],"24":[21,4],"25":[25,25],"26":[54,13],"27":[67,54],"28":[0],"29":[54,54,54,54],"30":[65,0],"31":[65,65],"32":[0],"33":[65,65,65,65],"34":[3],"35":[3,3],"36":[0],"37":[3,3,3],"38":[3,0],"39":[0,0],"40":[0,0],"41":[0,3],"42":[237,234],"43":[237,131],"44":[0,237],"45":[237,234],"46":[237,87],"47":[0,237],"48":[3,234],"49":[6,228],"50":[3,234],"51":[6,228],"52":[3,234],"53":[237,70,49,49],"54":[3,234],"55":[6,228],"56":[237,234],"57":[237,60,60],"58":[240,237,231]}}
,"/Users/plebdev/Desktop/code/igloo/src/components/ui/app-header.tsx": {"path":"/Users/plebdev/Desktop/code/igloo/src/components/ui/app-header.tsx","statementMap":{"0":{"start":{"line":7,"column":0},"end":{"line":7,"column":16}},"1":{"start":{"line":1,"column":0},"end":{"line":1,"column":26}},"2":{"start":{"line":8,"column":2},"end":{"line":21,"column":4}}},"fnMap":{"0":{"name":"AppHeader","decl":{"start":{"line":7,"column":16},"end":{"line":7,"column":25}},"loc":{"start":{"line":7,"column":54},"end":{"line":22,"column":1}}}},"branchMap":{"0":{"loc":{"start":{"line":15,"column":7},"end":{"line":18,"column":null}},"type":"binary-expr","locations":[{"start":{"line":15,"column":7},"end":{"line":15,"column":15}},{"start":{"line":16,"column":8},"end":{"line":17,"column":null}}]}},"s":{"0":1,"1":1,"2":24},"f":{"0":24},"b":{"0":[24,19]}}
,"/Users/plebdev/Desktop/code/igloo/src/components/ui/badge.tsx": {"path":"/Users/plebdev/Desktop/code/igloo/src/components/ui/badge.tsx","statementMap":{"0":{"start":{"line":35,"column":9},"end":{"line":35,"column":14}},"1":{"start":{"line":1,"column":0},"end":{"line":1,"column":31}},"2":{"start":{"line":2,"column":0},"end":{"line":2,"column":66}},"3":{"start":{"line":3,"column":0},"end":{"line":3,"column":33}},"4":{"start":{"line":5,"column":22},"end":{"line":22,"column":null}},"5":{"start":{"line":35,"column":16},"end":{"line":35,"column":29}},"6":{"start":{"line":29,"column":35},"end":{"line":29,"column":40}},"7":{"start":{"line":29,"column":45},"end":{"line":29,"column":59}},"8":{"start":{"line":30,"column":2},"end":{"line":32,"column":4}}},"fnMap":{"0":{"name":"Badge","decl":{"start":{"line":29,"column":9},"end":{"line":29,"column":14}},"loc":{"start":{"line":29,"column":59},"end":{"line":33,"column":1}}}},"branchMap":{},"s":{"0":1,"1":1,"2":1,"3":1,"4":1,"5":1,"6":6,"7":6,"8":6},"f":{"0":6},"b":{}}
,"/Users/plebdev/Desktop/code/igloo/src/components/ui/button.tsx": {"path":"/Users/plebdev/Desktop/code/igloo/src/components/ui/button.tsx","statementMap":{"0":{"start":{"line":1,"column":0},"end":{"line":1,"column":30}},"1":{"start":{"line":2,"column":0},"end":{"line":2,"column":43}},"2":{"start":{"line":3,"column":0},"end":{"line":3,"column":65}},"3":{"start":{"line":5,"column":0},"end":{"line":5,"column":32}},"4":{"start":{"line":7,"column":23},"end":{"line":33,"column":null}},"5":{"start":{"line":56,"column":17},"end":{"line":56,"column":31}},"6":{"start":{"line":42,"column":15},"end":{"line":52,"column":null}},"7":{"start":{"line":43,"column":46},"end":{"line":43,"column":51}},"8":{"start":{"line":43,"column":56},"end":{"line":43,"column":60}},"9":{"start":{"line":44,"column":17},"end":{"line":44,"column":42}},"10":{"start":{"line":45,"column":4},"end":{"line":51,"column":null}},"11":{"start":{"line":56,"column":9},"end":{"line":56,"column":15}},"12":{"start":{"line":54,"column":0},"end":{"line":54,"column":null}}},"fnMap":{"0":{"name":"(anonymous_10)","decl":{"start":{"line":43,"column":2},"end":{"line":43,"column":3}},"loc":{"start":{"line":43,"column":67},"end":{"line":52,"column":3}}}},"branchMap":{"0":{"loc":{"start":{"line":43,"column":31},"end":{"line":43,"column":46}},"type":"default-arg","locations":[{"start":{"line":43,"column":41},"end":{"line":43,"column":46}}]},"1":{"loc":{"start":{"line":44,"column":17},"end":{"line":44,"column":42}},"type":"cond-expr","locations":[{"start":{"line":44,"column":27},"end":{"line":44,"column":31}},{"start":{"line":44,"column":34},"end":{"line":44,"column":42}}]}},"s":{"0":2,"1":2,"2":2,"3":2,"4":2,"5":2,"6":2,"7":1443,"8":1443,"9":1443,"10":1443,"11":2,"12":2},"f":{"0":1443},"b":{"0":[1443],"1":[0,1443]}}
,"/Users/plebdev/Desktop/code/igloo/src/components/ui/card.tsx": {"path":"/Users/plebdev/Desktop/code/igloo/src/components/ui/card.tsx","statementMap":{"0":{"start":{"line":1,"column":0},"end":{"line":1,"column":30}},"1":{"start":{"line":3,"column":0},"end":{"line":3,"column":32}},"2":{"start":{"line":5,"column":13},"end":{"line":17,"column":2}},"3":{"start":{"line":8,"column":14},"end":{"line":8,"column":19}},"4":{"start":{"line":8,"column":24},"end":{"line":8,"column":28}},"5":{"start":{"line":8,"column":36},"end":{"line":17,"column":2}},"6":{"start":{"line":79,"column":9},"end":{"line":79,"column":13}},"7":{"start":{"line":18,"column":0},"end":{"line":18,"column":null}},"8":{"start":{"line":20,"column":19},"end":{"line":29,"column":2}},"9":{"start":{"line":23,"column":14},"end":{"line":23,"column":19}},"10":{"start":{"line":23,"column":24},"end":{"line":23,"column":28}},"11":{"start":{"line":23,"column":36},"end":{"line":29,"column":2}},"12":{"start":{"line":79,"column":15},"end":{"line":79,"column":25}},"13":{"start":{"line":30,"column":0},"end":{"line":30,"column":null}},"14":{"start":{"line":32,"column":18},"end":{"line":44,"column":2}},"15":{"start":{"line":35,"column":14},"end":{"line":35,"column":19}},"16":{"start":{"line":35,"column":24},"end":{"line":35,"column":28}},"17":{"start":{"line":35,"column":36},"end":{"line":44,"column":2}},"18":{"start":{"line":79,"column":39},"end":{"line":79,"column":48}},"19":{"start":{"line":45,"column":0},"end":{"line":45,"column":null}},"20":{"start":{"line":47,"column":24},"end":{"line":56,"column":2}},"21":{"start":{"line":50,"column":14},"end":{"line":50,"column":19}},"22":{"start":{"line":50,"column":24},"end":{"line":50,"column":28}},"23":{"start":{"line":50,"column":36},"end":{"line":56,"column":2}},"24":{"start":{"line":79,"column":50},"end":{"line":79,"column":65}},"25":{"start":{"line":57,"column":0},"end":{"line":57,"column":null}},"26":{"start":{"line":59,"column":20},"end":{"line":64,"column":2}},"27":{"start":{"line":62,"column":14},"end":{"line":62,"column":19}},"28":{"start":{"line":62,"column":24},"end":{"line":62,"column":28}},"29":{"start":{"line":62,"column":36},"end":{"line":64,"column":2}},"30":{"start":{"line":79,"column":67},"end":{"line":79,"column":78}},"31":{"start":{"line":65,"column":0},"end":{"line":65,"column":null}},"32":{"start":{"line":67,"column":19},"end":{"line":76,"column":2}},"33":{"start":{"line":70,"column":14},"end":{"line":70,"column":19}},"34":{"start":{"line":70,"column":24},"end":{"line":70,"column":28}},"35":{"start":{"line":70,"column":36},"end":{"line":76,"column":2}},"36":{"start":{"line":79,"column":27},"end":{"line":79,"column":37}},"37":{"start":{"line":77,"column":0},"end":{"line":77,"column":null}}},"fnMap":{"0":{"name":"(anonymous_10)","decl":{"start":{"line":8,"column":2},"end":{"line":8,"column":3}},"loc":{"start":{"line":8,"column":35},"end":{"line":17,"column":2}}},"1":{"name":"(anonymous_11)","decl":{"start":{"line":23,"column":2},"end":{"line":23,"column":3}},"loc":{"start":{"line":23,"column":35},"end":{"line":29,"column":2}}},"2":{"name":"(anonymous_12)","decl":{"start":{"line":35,"column":2},"end":{"line":35,"column":3}},"loc":{"start":{"line":35,"column":35},"end":{"line":44,"column":2}}},"3":{"name":"(anonymous_13)","decl":{"start":{"line":50,"column":2},"end":{"line":50,"column":3}},"loc":{"start":{"line":50,"column":35},"end":{"line":56,"column":2}}},"4":{"name":"(anonymous_14)","decl":{"start":{"line":62,"column":2},"end":{"line":62,"column":3}},"loc":{"start":{"line":62,"column":35},"end":{"line":64,"column":2}}},"5":{"name":"(anonymous_15)","decl":{"start":{"line":70,"column":2},"end":{"line":70,"column":3}},"loc":{"start":{"line":70,"column":35},"end":{"line":76,"column":2}}}},"branchMap":{},"s":{"0":1,"1":1,"2":1,"3":237,"4":237,"5":237,"6":1,"7":1,"8":1,"9":0,"10":0,"11":0,"12":1,"13":1,"14":1,"15":0,"16":0,"17":0,"18":1,"19":1,"20":1,"21":0,"22":0,"23":0,"24":1,"25":1,"26":1,"27":237,"28":237,"29":237,"30":1,"31":1,"32":1,"33":0,"34":0,"35":0,"36":1,"37":1},"f":{"0":237,"1":0,"2":0,"3":0,"4":237,"5":0},"b":{}}
,"/Users/plebdev/Desktop/code/igloo/src/components/ui/content-card.tsx": {"path":"/Users/plebdev/Desktop/code/igloo/src/components/ui/content-card.tsx","statementMap":{"0":{"start":{"line":15,"column":0},"end":{"line":15,"column":16}},"1":{"start":{"line":1,"column":0},"end":{"line":1,"column":26}},"2":{"start":{"line":2,"column":0},"end":{"line":2,"column":33}},"3":{"start":{"line":3,"column":0},"end":{"line":3,"column":57}},"4":{"start":{"line":4,"column":0},"end":{"line":4,"column":41}},"5":{"start":{"line":23,"column":2},"end":{"line":48,"column":4}}},"fnMap":{"0":{"name":"ContentCard","decl":{"start":{"line":15,"column":16},"end":{"line":15,"column":27}},"loc":{"start":{"line":22,"column":19},"end":{"line":49,"column":1}}}},"branchMap":{"0":{"loc":{"start":{"line":19,"column":2},"end":{"line":19,"column":28}},"type":"default-arg","locations":[{"start":{"line":19,"column":22},"end":{"line":19,"column":28}}]},"1":{"loc":{"start":{"line":25,"column":7},"end":{"line":43,"column":null}},"type":"binary-expr","locations":[{"start":{"line":25,"column":8},"end":{"line":25,"column":13}},{"start":{"line":25,"column":17},"end":{"line":25,"column":23}},{"start":{"line":25,"column":27},"end":{"line":25,"column":38}},{"start":{"line":26,"column":8},"end":{"line":42,"column":null}}]},"2":{"loc":{"start":{"line":28,"column":13},"end":{"line":28,"column":86}},"type":"binary-expr","locations":[{"start":{"line":28,"column":13},"end":{"line":28,"column":18}},{"start":{"line":28,"column":22},"end":{"line":28,"column":86}}]},"3":{"loc":{"start":{"line":33,"column":13},"end":{"line":40,"column":null}},"type":"binary-expr","locations":[{"start":{"line":33,"column":13},"end":{"line":33,"column":19}},{"start":{"line":34,"column":14},"end":{"line":39,"column":null}}]}},"s":{"0":1,"1":1,"2":1,"3":1,"4":1,"5":24},"f":{"0":24},"b":{"0":[24],"1":[24,19,19,5],"2":[5,5],"3":[5,0]}}
,"/Users/plebdev/Desktop/code/igloo/src/components/ui/event-log.tsx": {"path":"/Users/plebdev/Desktop/code/igloo/src/components/ui/event-log.tsx","statementMap":{"0":{"start":{"line":1,"column":0},"end":{"line":1,"column":78}},"1":{"start":{"line":2,"column":0},"end":{"line":2,"column":57}},"2":{"start":{"line":3,"column":0},"end":{"line":3,"column":67}},"3":{"start":{"line":4,"column":0},"end":{"line":4,"column":62}},"4":{"start":{"line":5,"column":0},"end":{"line":5,"column":33}},"5":{"start":{"line":6,"column":0},"end":{"line":6,"column":72}},"6":{"start":{"line":16,"column":13},"end":{"line":131,"column":3}},"7":{"start":{"line":23,"column":20},"end":{"line":23,"column":48}},"8":{"start":{"line":24,"column":23},"end":{"line":24,"column":51}},"9":{"start":{"line":25,"column":38},"end":{"line":25,"column":53}},"10":{"start":{"line":27,"column":25},"end":{"line":37,"column":8}},"11":{"start":{"line":28,"column":4},"end":{"line":28,"column":38}},"12":{"start":{"line":28,"column":31},"end":{"line":28,"column":38}},"13":{"start":{"line":30,"column":43},"end":{"line":30,"column":63}},"14":{"start":{"line":31,"column":25},"end":{"line":31,"column":52}},"15":{"start":{"line":32,"column":33},"end":{"line":32,"column":85}},"16":{"start":{"line":34,"column":4},"end":{"line":36,"column":5}},"17":{"start":{"line":35,"column":6},"end":{"line":35,"column":64}},"18":{"start":{"line":39,"column":2},"end":{"line":43,"column":41}},"19":{"start":{"line":40,"column":4},"end":{"line":42,"column":5}},"20":{"start":{"line":41,"column":6},"end":{"line":41,"column":23}},"21":{"start":{"line":45,"column":27},"end":{"line":48,"column":19}},"22":{"start":{"line":46,"column":4},"end":{"line":46,"column":24}},"23":{"start":{"line":47,"column":4},"end":{"line":47,"column":18}},"24":{"start":{"line":50,"column":29},"end":{"line":53,"column":3}},"25":{"start":{"line":51,"column":4},"end":{"line":51,"column":44}},"26":{"start":{"line":51,"column":27},"end":{"line":51,"column":44}},"27":{"start":{"line":52,"column":4},"end":{"line":52,"column":49}},"28":{"start":{"line":56,"column":4},"end":{"line":66,"column":null}},"29":{"start":{"line":70,"column":23},"end":{"line":72,"column":3}},"30":{"start":{"line":71,"column":4},"end":{"line":71,"column":33}},"31":{"start":{"line":71,"column":26},"end":{"line":71,"column":31}},"32":{"start":{"line":74,"column":2},"end":{"line":130,"column":4}},"33":{"start":{"line":83,"column":12},"end":{"line":86,"column":13}},"34":{"start":{"line":84,"column":14},"end":{"line":84,"column":33}},"35":{"start":{"line":85,"column":14},"end":{"line":85,"column":29}},"36":{"start":{"line":100,"column":29},"end":{"line":100,"column":48}},"37":{"start":{"line":118,"column":16},"end":{"line":118,"column":39}},"38":{"start":{"line":133,"column":0},"end":{"line":133,"column":34}}},"fnMap":{"0":{"name":"(anonymous_9)","decl":{"start":{"line":16,"column":29},"end":{"line":16,"column":30}},"loc":{"start":{"line":22,"column":20},"end":{"line":131,"column":1}}},"1":{"name":"(anonymous_10)","decl":{"start":{"line":27,"column":37},"end":{"line":27,"column":40}},"loc":{"start":{"line":27,"column":42},"end":{"line":37,"column":3}}},"2":{"name":"(anonymous_11)","decl":{"start":{"line":39,"column":12},"end":{"line":39,"column":15}},"loc":{"start":{"line":39,"column":17},"end":{"line":43,"column":3}}},"3":{"name":"(anonymous_12)","decl":{"start":{"line":45,"column":39},"end":{"line":45,"column":40}},"loc":{"start":{"line":45,"column":63},"end":{"line":48,"column":3}}},"4":{"name":"(anonymous_13)","decl":{"start":{"line":50,"column":29},"end":{"line":50,"column":32}},"loc":{"start":{"line":50,"column":34},"end":{"line":53,"column":3}}},"5":{"name":"(anonymous_14)","decl":{"start":{"line":70,"column":23},"end":{"line":70,"column":26}},"loc":{"start":{"line":70,"column":28},"end":{"line":72,"column":3}}},"6":{"name":"(anonymous_15)","decl":{"start":{"line":71,"column":18},"end":{"line":71,"column":22}},"loc":{"start":{"line":71,"column":26},"end":{"line":71,"column":31}}},"7":{"name":"(anonymous_16)","decl":{"start":{"line":82,"column":21},"end":{"line":82,"column":22}},"loc":{"start":{"line":82,"column":27},"end":{"line":87,"column":11}}},"8":{"name":"(anonymous_17)","decl":{"start":{"line":100,"column":24},"end":{"line":100,"column":25}},"loc":{"start":{"line":100,"column":29},"end":{"line":100,"column":48}}},"9":{"name":"(anonymous_18)","decl":{"start":{"line":117,"column":24},"end":{"line":117,"column":25}},"loc":{"start":{"line":118,"column":16},"end":{"line":118,"column":39}}}},"branchMap":{"0":{"loc":{"start":{"line":18,"column":2},"end":{"line":18,"column":25}},"type":"default-arg","locations":[{"start":{"line":18,"column":20},"end":{"line":18,"column":25}}]},"1":{"loc":{"start":{"line":20,"column":2},"end":{"line":20,"column":21}},"type":"default-arg","locations":[{"start":{"line":20,"column":10},"end":{"line":20,"column":21}}]},"2":{"loc":{"start":{"line":21,"column":2},"end":{"line":21,"column":20}},"type":"default-arg","locations":[{"start":{"line":21,"column":15},"end":{"line":21,"column":20}}]},"3":{"loc":{"start":{"line":28,"column":4},"end":{"line":28,"column":38}},"type":"if","locations":[{"start":{"line":28,"column":4},"end":{"line":28,"column":38}}]},"4":{"loc":{"start":{"line":34,"column":4},"end":{"line":36,"column":5}},"type":"if","locations":[{"start":{"line":34,"column":4},"end":{"line":36,"column":5}}]},"5":{"loc":{"start":{"line":35,"column":6},"end":{"line":35,"column":63}},"type":"cond-expr","locations":[{"start":{"line":35,"column":23},"end":{"line":35,"column":25}},{"start":{"line":35,"column":23},"end":{"line":35,"column":63}}]},"6":{"loc":{"start":{"line":35,"column":6},"end":{"line":35,"column":25}},"type":"binary-expr","locations":[{"start":{"line":35,"column":6},"end":{"line":35,"column":25}},{"start":{"line":35,"column":23},"end":{"line":35,"column":25}}]},"7":{"loc":{"start":{"line":40,"column":4},"end":{"line":42,"column":5}},"type":"if","locations":[{"start":{"line":40,"column":4},"end":{"line":42,"column":5}}]},"8":{"loc":{"start":{"line":51,"column":4},"end":{"line":51,"column":44}},"type":"if","locations":[{"start":{"line":51,"column":4},"end":{"line":51,"column":44}}]},"9":{"loc":{"start":{"line":52,"column":11},"end":{"line":52,"column":48}},"type":"cond-expr","locations":[{"start":{"line":52,"column":29},"end":{"line":52,"column":38}},{"start":{"line":52,"column":41},"end":{"line":52,"column":48}}]},"10":{"loc":{"start":{"line":58,"column":9},"end":{"line":58,"column":61}},"type":"cond-expr","locations":[{"start":{"line":58,"column":22},"end":{"line":58,"column":41}},{"start":{"line":58,"column":44},"end":{"line":58,"column":61}}]},"11":{"loc":{"start":{"line":76,"column":7},"end":{"line":103,"column":null}},"type":"binary-expr","locations":[{"start":{"line":76,"column":7},"end":{"line":76,"column":18}},{"start":{"line":77,"column":8},"end":{"line":102,"column":null}}]},"12":{"loc":{"start":{"line":83,"column":12},"end":{"line":86,"column":13}},"type":"if","locations":[{"start":{"line":83,"column":12},"end":{"line":86,"column":13}}]},"13":{"loc":{"start":{"line":83,"column":16},"end":{"line":83,"column":50}},"type":"binary-expr","locations":[{"start":{"line":83,"column":16},"end":{"line":83,"column":33}},{"start":{"line":83,"column":37},"end":{"line":83,"column":50}}]},"14":{"loc":{"start":{"line":90,"column":13},"end":{"line":92,"column":63}},"type":"cond-expr","locations":[{"start":{"line":91,"column":14},"end":{"line":91,"column":61}},{"start":{"line":92,"column":14},"end":{"line":92,"column":63}}]},"15":{"loc":{"start":{"line":108,"column":10},"end":{"line":108,"column":72}},"type":"cond-expr","locations":[{"start":{"line":108,"column":23},"end":{"line":108,"column":50}},{"start":{"line":108,"column":53},"end":{"line":108,"column":72}}]},"16":{"loc":{"start":{"line":115,"column":11},"end":{"line":125,"column":null}},"type":"cond-expr","locations":[{"start":{"line":116,"column":12},"end":{"line":120,"column":null}},{"start":{"line":123,"column":12},"end":{"line":124,"column":null}}]}},"s":{"0":1,"1":1,"2":1,"3":1,"4":1,"5":1,"6":1,"7":237,"8":237,"9":237,"10":237,"11":0,"12":0,"13":0,"14":0,"15":0,"16":0,"17":0,"18":237,"19":31,"20":0,"21":237,"22":0,"23":0,"24":237,"25":237,"26":225,"27":12,"28":237,"29":237,"30":0,"31":0,"32":237,"33":0,"34":0,"35":0,"36":0,"37":21,"38":1},"f":{"0":237,"1":0,"2":31,"3":0,"4":237,"5":0,"6":0,"7":0,"8":0,"9":21},"b":{"0":[0],"1":[237],"2":[237],"3":[0],"4":[0],"5":[0,0],"6":[0,0],"7":[0],"8":[225],"9":[3,9],"10":[0,237],"11":[237,237],"12":[0],"13":[0,0],"14":[0,237],"15":[0,237],"16":[12,225]}}
,"/Users/plebdev/Desktop/code/igloo/src/components/ui/icon-button.tsx": {"path":"/Users/plebdev/Desktop/code/igloo/src/components/ui/icon-button.tsx","statementMap":{"0":{"start":{"line":1,"column":0},"end":{"line":1,"column":31}},"1":{"start":{"line":2,"column":0},"end":{"line":2,"column":48}},"2":{"start":{"line":3,"column":0},"end":{"line":3,"column":33}},"3":{"start":{"line":4,"column":0},"end":{"line":4,"column":66}},"4":{"start":{"line":6,"column":27},"end":{"line":27,"column":null}},"5":{"start":{"line":57,"column":21},"end":{"line":57,"column":39}},"6":{"start":{"line":37,"column":19},"end":{"line":52,"column":null}},"7":{"start":{"line":38,"column":44},"end":{"line":38,"column":49}},"8":{"start":{"line":38,"column":54},"end":{"line":38,"column":58}},"9":{"start":{"line":39,"column":4},"end":{"line":51,"column":6}},"10":{"start":{"line":57,"column":9},"end":{"line":57,"column":19}},"11":{"start":{"line":55,"column":0},"end":{"line":55,"column":38}}},"fnMap":{"0":{"name":"(anonymous_10)","decl":{"start":{"line":38,"column":2},"end":{"line":38,"column":3}},"loc":{"start":{"line":38,"column":65},"end":{"line":52,"column":3}}}},"branchMap":{},"s":{"0":2,"1":2,"2":2,"3":2,"4":2,"5":2,"6":2,"7":477,"8":477,"9":477,"10":2,"11":2},"f":{"0":477},"b":{}}
,"/Users/plebdev/Desktop/code/igloo/src/components/ui/input.tsx": {"path":"/Users/plebdev/Desktop/code/igloo/src/components/ui/input.tsx","statementMap":{"0":{"start":{"line":1,"column":0},"end":{"line":1,"column":30}},"1":{"start":{"line":3,"column":0},"end":{"line":3,"column":32}},"2":{"start":{"line":5,"column":14},"end":{"line":18,"column":null}},"3":{"start":{"line":6,"column":20},"end":{"line":6,"column":25}},"4":{"start":{"line":6,"column":30},"end":{"line":6,"column":34}},"5":{"start":{"line":7,"column":4},"end":{"line":17,"column":null}},"6":{"start":{"line":22,"column":9},"end":{"line":22,"column":14}},"7":{"start":{"line":20,"column":0},"end":{"line":20,"column":null}}},"fnMap":{"0":{"name":"(anonymous_10)","decl":{"start":{"line":6,"column":2},"end":{"line":6,"column":3}},"loc":{"start":{"line":6,"column":41},"end":{"line":18,"column":3}}}},"branchMap":{},"s":{"0":1,"1":1,"2":1,"3":711,"4":711,"5":711,"6":1,"7":1},"f":{"0":711},"b":{}}
,"/Users/plebdev/Desktop/code/igloo/src/components/ui/log-entry.tsx": {"path":"/Users/plebdev/Desktop/code/igloo/src/components/ui/log-entry.tsx","statementMap":{"0":{"start":{"line":1,"column":0},"end":{"line":1,"column":49}},"1":{"start":{"line":2,"column":0},"end":{"line":2,"column":46}},"2":{"start":{"line":3,"column":0},"end":{"line":3,"column":50}},"3":{"start":{"line":4,"column":0},"end":{"line":4,"column":33}},"4":{"start":{"line":20,"column":22},"end":{"line":30,"column":1}},"5":{"start":{"line":21,"column":2},"end":{"line":29,"column":3}},"6":{"start":{"line":22,"column":18},"end":{"line":22,"column":33}},"7":{"start":{"line":23,"column":18},"end":{"line":23,"column":35}},"8":{"start":{"line":24,"column":23},"end":{"line":24,"column":40}},"9":{"start":{"line":25,"column":20},"end":{"line":25,"column":34}},"10":{"start":{"line":26,"column":17},"end":{"line":26,"column":33}},"11":{"start":{"line":27,"column":17},"end":{"line":27,"column":33}},"12":{"start":{"line":28,"column":13},"end":{"line":28,"column":30}},"13":{"start":{"line":32,"column":13},"end":{"line":101,"column":3}},"14":{"start":{"line":33,"column":52},"end":{"line":33,"column":73}},"15":{"start":{"line":34,"column":18},"end":{"line":34,"column":62}},"16":{"start":{"line":36,"column":22},"end":{"line":40,"column":15}},"17":{"start":{"line":37,"column":4},"end":{"line":39,"column":5}},"18":{"start":{"line":38,"column":6},"end":{"line":38,"column":42}},"19":{"start":{"line":38,"column":35},"end":{"line":38,"column":40}},"20":{"start":{"line":42,"column":24},"end":{"line":49,"column":25}},"21":{"start":{"line":43,"column":4},"end":{"line":43,"column":30}},"22":{"start":{"line":43,"column":18},"end":{"line":43,"column":30}},"23":{"start":{"line":44,"column":4},"end":{"line":48,"column":5}},"24":{"start":{"line":45,"column":6},"end":{"line":45,"column":47}},"25":{"start":{"line":47,"column":6},"end":{"line":47,"column":44}},"26":{"start":{"line":51,"column":2},"end":{"line":100,"column":4}},"27":{"start":{"line":62,"column":10},"end":{"line":65,"column":11}},"28":{"start":{"line":63,"column":12},"end":{"line":63,"column":31}},"29":{"start":{"line":64,"column":12},"end":{"line":64,"column":26}},"30":{"start":{"line":103,"column":0},"end":{"line":103,"column":34}}},"fnMap":{"0":{"name":"(anonymous_9)","decl":{"start":{"line":20,"column":22},"end":{"line":20,"column":23}},"loc":{"start":{"line":20,"column":39},"end":{"line":30,"column":1}}},"1":{"name":"(anonymous_10)","decl":{"start":{"line":32,"column":29},"end":{"line":32,"column":30}},"loc":{"start":{"line":32,"column":56},"end":{"line":101,"column":1}}},"2":{"name":"(anonymous_11)","decl":{"start":{"line":36,"column":34},"end":{"line":36,"column":37}},"loc":{"start":{"line":36,"column":39},"end":{"line":40,"column":3}}},"3":{"name":"(anonymous_12)","decl":{"start":{"line":38,"column":27},"end":{"line":38,"column":31}},"loc":{"start":{"line":38,"column":35},"end":{"line":38,"column":40}}},"4":{"name":"(anonymous_13)","decl":{"start":{"line":42,"column":38},"end":{"line":42,"column":41}},"loc":{"start":{"line":42,"column":43},"end":{"line":49,"column":3}}},"5":{"name":"(anonymous_14)","decl":{"start":{"line":61,"column":29},"end":{"line":61,"column":30}},"loc":{"start":{"line":61,"column":35},"end":{"line":66,"column":9}}}},"branchMap":{"0":{"loc":{"start":{"line":21,"column":2},"end":{"line":29,"column":3}},"type":"switch","locations":[{"start":{"line":22,"column":4},"end":{"line":22,"column":33}},{"start":{"line":23,"column":4},"end":{"line":23,"column":35}},{"start":{"line":24,"column":4},"end":{"line":24,"column":40}},{"start":{"line":25,"column":4},"end":{"line":25,"column":34}},{"start":{"line":26,"column":4},"end":{"line":26,"column":33}},{"start":{"line":27,"column":4},"end":{"line":27,"column":33}},{"start":{"line":28,"column":4},"end":{"line":28,"column":30}}]},"1":{"loc":{"start":{"line":34,"column":18},"end":{"line":34,"column":62}},"type":"binary-expr","locations":[{"start":{"line":34,"column":18},"end":{"line":34,"column":26}},{"start":{"line":34,"column":30},"end":{"line":34,"column":62}}]},"2":{"loc":{"start":{"line":37,"column":4},"end":{"line":39,"column":5}},"type":"if","locations":[{"start":{"line":37,"column":4},"end":{"line":39,"column":5}}]},"3":{"loc":{"start":{"line":43,"column":4},"end":{"line":43,"column":30}},"type":"if","locations":[{"start":{"line":43,"column":4},"end":{"line":43,"column":30}}]},"4":{"loc":{"start":{"line":56,"column":10},"end":{"line":56,"column":49}},"type":"binary-expr","locations":[{"start":{"line":56,"column":10},"end":{"line":56,"column":17}},{"start":{"line":56,"column":21},"end":{"line":56,"column":49}}]},"5":{"loc":{"start":{"line":59,"column":14},"end":{"line":59,"column":44}},"type":"cond-expr","locations":[{"start":{"line":59,"column":24},"end":{"line":59,"column":32}},{"start":{"line":59,"column":35},"end":{"line":59,"column":44}}]},"6":{"loc":{"start":{"line":60,"column":18},"end":{"line":60,"column":41}},"type":"cond-expr","locations":[{"start":{"line":60,"column":28},"end":{"line":60,"column":29}},{"start":{"line":60,"column":32},"end":{"line":60,"column":41}}]},"7":{"loc":{"start":{"line":61
[...]
,"/Users/plebdev/Desktop/code/igloo/src/lib/utils.ts": {"path":"/Users/plebdev/Desktop/code/igloo/src/lib/utils.ts","statementMap":{"0":{"start":{"line":4,"column":0},"end":{"line":4,"column":16}},"1":{"start":{"line":1,"column":0},"end":{"line":1,"column":44}},"2":{"start":{"line":2,"column":0},"end":{"line":2,"column":40}},"3":{"start":{"line":5,"column":2},"end":{"line":5,"column":null}}},"fnMap":{"0":{"name":"cn","decl":{"start":{"line":4,"column":16},"end":{"line":4,"column":18}},"loc":{"start":{"line":4,"column":42},"end":{"line":6,"column":1}}}},"branchMap":{},"s":{"0":2,"1":2,"2":2,"3":5713},"f":{"0":5713},"b":{}}
,"/Users/plebdev/Desktop/code/igloo/src/lib/validation.ts": {"path":"/Users/plebdev/Desktop/code/igloo/src/lib/validation.ts","statementMap":{"0":{"start":{"line":15,"column":0},"end":{"line":15,"column":16}},"1":{"start":{"line":70,"column":0},"end":{"line":70,"column":16}},"2":{"start":{"line":103,"column":0},"end":{"line":103,"column":16}},"3":{"start":{"line":178,"column":0},"end":{"line":178,"column":16}},"4":{"start":{"line":259,"column":0},"end":{"line":259,"column":16}},"5":{"start":{"line":16,"column":23},"end":{"line":16,"column":43}},"6":{"start":{"line":17,"column":23},"end":{"line":17,"column":45}},"7":{"start":{"line":18,"column":23},"end":{"line":18,"column":45}},"8":{"start":{"line":19,"column":21},"end":{"line":19,"column":40}},"9":{"start":{"line":20,"column":26},"end":{"line":20,"column":78}},"10":{"start":{"line":22,"column":2},"end":{"line":29,"column":4}},"11":{"start":{"line":35,"column":13},"end":{"line":42,"column":11}},"12":{"start":{"line":60,"column":13},"end":{"line":63,"column":11}},"13":{"start":{"line":71,"column":2},"end":{"line":78,"column":3}},"14":{"start":{"line":72,"column":4},"end":{"line":77,"column":6}},"15":{"start":{"line":80,"column":23},"end":{"line":80,"column":65}},"16":{"start":{"line":81,"column":24},"end":{"line":81,"column":63}},"17":{"start":{"line":84,"column":2},"end":{"line":88,"column":3}},"18":{"start":{"line":85,"column":4},"end":{"line":85,"column":78}},"19":{"start":{"line":86,"column":9},"end":{"line":88,"column":3}},"20":{"start":{"line":87,"column":4},"end":{"line":87,"column":85}},"21":{"start":{"line":90,"column":2},"end":{"line":95,"column":4}},"22":{"start":{"line":104,"column":2},"end":{"line":104,"column":36}},"23":{"start":{"line":114,"column":2},"end":{"line":114,"column":55}},"24":{"start":{"line":114,"column":42},"end":{"line":114,"column":55}},"25":{"start":{"line":115,"column":2},"end":{"line":115,"column":71}},"26":{"start":{"line":115,"column":58},"end":{"line":115,"column":71}},"27":{"start":{"line":116,"column":2},"end":{"line":116,"column":44}},"28":{"start":{"line":116,"column":31},"end":{"line":116,"column":44}},"29":{"start":{"line":125,"column":16},"end":{"line":125,"column":35}},"30":{"start":{"line":126,"column":2},"end":{"line":126,"column":37}},"31":{"start":{"line":126,"column":24},"end":{"line":126,"column":37}},"32":{"start":{"line":128,"column":15},"end":{"line":128,"column":23}},"33":{"start":{"line":129,"column":15},"end":{"line":129,"column":23}},"34":{"start":{"line":132,"column":2},"end":{"line":135,"column":3}},"35":{"start":{"line":133,"column":20},"end":{"line":133,"column":38}},"36":{"start":{"line":134,"column":4},"end":{"line":134,"column":71}},"37":{"start":{"line":134,"column":58},"end":{"line":134,"column":71}},"38":{"start":{"line":139,"column":20},"end":{"line":139,"column":45}},"39":{"start":{"line":140,"column":2},"end":{"line":144,"column":3}},"40":{"start":{"line":142,"column":20},"end":{"line":142,"column":47}},"41":{"start":{"line":143,"column":4},"end":{"line":143,"column":59}},"42":{"start":{"line":143,"column":33},"end":{"line":143,"column":57}},"43":{"start":{"line":147,"column":2},"end":{"line":147,"column":40}},"44":{"start":{"line":147,"column":28},"end":{"line":147,"column":40}},"45":{"start":{"line":150,"column":2},"end":{"line":154,"column":3}},"46":{"start":{"line":153,"column":4},"end":{"line":153,"column":17}},"47":{"start":{"line":156,"column":24},"end":{"line":156,"column":64}},"48":{"start":{"line":157,"column":2},"end":{"line":157,"column":46}},"49":{"start":{"line":157,"column":33},"end":{"line":157,"column":46}},"50":{"start":{"line":160,"column":17},"end":{"line":160,"column":32}},"51":{"start":{"line":161,"column":2},"end":{"line":161,"column":38}},"52":{"start":{"line":161,"column":25},"end":{"line":161,"column":38}},"53":{"start":{"line":163,"column":2},"end":{"line":170,"column":5}},"54":{"start":{"line":165,"column":4},"end":{"line":165,"column":62}},"55":{"start":{"line":165,"column":49},"end":{"line":165,"column":62}},"56":{"start":{"line":167,"column":4},"end":{"line":167,"column":67}},"57":{"start":{"line":167,"column":54},"end":{"line":167,"column":67}},"58":{"start":{"line":169,"column":4},"end":{"line":169,"column":41}},"59":{"start":{"line":179,"column":2},"end":{"line":185,"column":3}},"60":{"start":{"line":180,"column":4},"end":{"line":184,"column":6}},"61":{"start":{"line":187,"column":19},"end":{"line":187,"column":22}},"62":{"start":{"line":188,"column":18},"end":{"line":188,"column":28}},"63":{"start":{"line":191,"column":2},"end":{"line":197,"column":3}},"64":{"start":{"line":192,"column":4},"end":{"line":196,"column":6}},"65":{"start":{"line":200,"column":2},"end":{"line":206,"column":3}},"66":{"start":{"line":201,"column":4},"end":{"line":205,"column":6}},"67":{"start":{"line":209,"column":2},"end":{"line":219,"column":3}},"68":{"start":{"line":211,"column":4},"end":{"line":217,"column":5}},"69":{"start":{"line":212,"column":6},"end":{"line":216,"column":8}},"70":{"start":{"line":218,"column":4},"end":{"line":218,"column":37}},"71":{"start":{"line":222,"column":2},"end":{"line":224,"column":3}},"72":{"start":{"line":223,"column":4},"end":{"line":223,"column":39}},"73":{"start":{"line":227,"column":16},"end":{"line":227,"column":21}},"74":{"start":{"line":228,"column":2},"end":{"line":245,"column":3}},"75":{"start":{"line":229,"column":19},"end":{"line":229,"column":37}},"76":{"start":{"line":232,"column":4},"end":{"line":242,"column":5}},"77":{"start":{"line":233,"column":6},"end":{"line":233,"column":22}},"78":{"start":{"line":236,"column":23},"end":{"line":236,"column":90}},"79":{"start":{"line":237,"column":6},"end":{"line":241,"column":38}},"80":{"start":{"line":244,"column":4},"end":{"line":244,"column":20}},"81":{"start":{"line":247,"column":2},"end":{"line":251,"column":4}},"82":{"start":{"line":260,"column":2},"end":{"line":260,"column":37}}},"fnMap":{"0":{"name":"validatePassword","decl":{"start":{"line":15,"column":16},"end":{"line":15,"column":32}},"loc":{"start":{"line":15,"column":49},"end":{"line":30,"column":1}}},"1":{"name":"validateSalt","decl":{"start":{"line":70,"column":16},"end":{"line":70,"column":28}},"loc":{"start":{"line":70,"column":41},"end":{"line":96,"column":1}}},"2":{"name":"isValidSalt","decl":{"start":{"line":103,"column":16},"end":{"line":103,"column":27}},"loc":{"start":{"line":103,"column":40},"end":{"line":105,"column":1}}},"3":{"name":"isValidHostname","decl":{"start":{"line":112,"column":9},"end":{"line":112,"column":24}},"loc":{"start":{"line":112,"column":41},"end":{"line":171,"column":1}}},"4":{"name":"(anonymous_4)","decl":{"start":{"line":143,"column":25},"end":{"line":143,"column":29}},"loc":{"start":{"line":143,"column":33},"end":{"line":143,"column":57}}},"5":{"name":"(anonymous_5)","decl":{"start":{"line":163,"column":22},"end":{"line":163,"column":27}},"loc":{"start":{"line":163,"column":30},"end":{"line":170,"column":3}}},"6":{"name":"formatRelayUrl","decl":{"start":{"line":178,"column":16},"end":{"line":178,"column":30}},"loc":{"start":{"line":178,"column":42},"end":{"line":252,"column":1}}},"7":{"name":"isValidRelayUrl","decl":{"start":{"line":259,"column":16},"end":{"line":259,"column":31}},"loc":{"start":{"line":259,"column":43},"end":{"line":261,"column":1}}}},"branchMap":{"0":{"loc":{"start":{"line":23,"column":13},"end":{"line":23,"column":90}},"type":"binary-expr","locations":[{"start":{"line":23,"column":13},"end":{"line":23,"column":25}},{"start":{"line":23,"column":29},"end":{"line":23,"column":41}},{"start":{"line":23,"column":45},"end":{"line":23,"column":57}},{"start":{"line":23,"column":61},"end":{"line":23,"column":71}},{"start":{"line":23,"column":75},"end":{"line":23,"column":90}}]},"1":{"loc":{"start":{"line":71,"column":2},"end":{"line":78,"column":3}},"type":"if","locations":[{"start":{"line":71,"column":2},"end":{"line":78,"column":3}}]},"2":{"loc":{"start":{"line":71,"column":6},"end":{"line":71,"column":39}},"type":"binary-expr","locations":[{"start":{"line":71,"column":6},"end":{"line":71,"column":11}},{"start":{"line":71,"column":15},"end":{"line":71,"column":39}}]},"3":{"loc":{"start":{"line":84,"column":2},"end":{"line":88,"column":3}},"type":"if","locations":[{"start":{"line":84,"column":2},"end":{"line":88,"column":3}},{"start":{"line":86,"column":9},"end":{"line":88,"column":3}}]},"4":{"loc":{"start":{"line":86,"column":9},"end":{"line":88,"column":3}},"type":"if","locations":[{"start":{"line":86,"column":9},"end":{"line":88,"column":3}}]},"5":{"loc":{"start":{"line":91,"column":13},"end":{"line":91,"column":42}},"type":"binary-expr","locations":[{"start":{"line":91,"column":13},"end":{"line":91,"column":25}},{"start":{"line":91,"column":29},"end":{"line":91,"column":42}}]},"6":{"loc":{"start":{"line":114,"column":2},"end":{"line":114,"column":55}},"type":"if","locations":[{"start":{"line":114,"column":2},"end":{"line":114,"column":55}}]},"7":{"loc":{"start":{"line":114,"column":6},"end":{"line":114,"column":40}},"type":"binary-expr","locations":[{"start":{"line":114,"column":6},"end":{"line":114,"column":15}},{"start":{"line":114,"column":19},"end":{"line":114,"column":40}}]},"8":{"loc":{"start":{"line":115,"column":2},"end":{"line":115,"column":71}},"type":"if","locations":[{"start":{"line":115,"column":2},"end":{"line":115,"column":71}}]},"9":{"loc":{"start":{"line":115,"column":6},"end":{"line":115,"column":56}},"type":"binary-expr","locations":[{"start":{"line":115,"column":6},"end":{"line":115,"column":30}},{"start":{"line":115,"column":34},"end":{"line":115,"column":56}}]},"10":{"loc":{"start":{"line":116,"column":2},"end":{"line":116,"column":44}},"type":"if","locations":[{"start":{"line":116,"column":2},"end":{"line":116,"column":44}}]},"11":{"loc":{"start":{"line":126,"column":2},"end":{"line":126,"column":37}},"type":"if","locations":[{"start":{"line":126,"column":2},"end":{"line":126,"column":37}}]},"12":{"loc":{"start":{"line":132,"column":2},"end":{"line":135,"column":3}},"type":"if","locations":[{"start":{"line":132,"column":2},"end":{"line":135,"column":3}}]},"13":{"loc":{"start":{"line":134,"column":4},"end":{"line":134,"column":71}},"type":"if","locations":[{"start":{"line":134,"column":4},"end":{"line":134,"column":71}}]},"14":{"loc":{"start":{"line":134,"column":8},"end":{"line":134,"column":56}},"type":"binary-expr","locations":[{"start":{"line":134,"column":8},"end":{"line":134,"column":22}},{"start":{"line":134,"column":26},"end":{"line":134,"column":37}},{"start":{"line":134,"column":41},"end":{"line":134,"column":56}}]},"15":{"loc":{"start":{"line":140,"column":2},"end":{"line":144,"column":3}},"type":"if","locations":[{"start":{"line":140,"column":2},"end":{"line":144,"column":3}}]},"16":{"loc":{"start":{"line":143,"column":33},"end":{"line":143,"column":57}},"type":"binary-expr","locations":[{"start":{"line":143,"column":33},"end":{"line":143,"column":42}},{"start":{"line":143,"column":46},"end":{"line":143,"column":57}}]},"17":{"loc":{"start":{"line":147,"column":2},"end":{"line":147,"column":40}},"type":"if","locations":[{"start":{"line":147,"column":2},"end":{"line":147,"column":40}}]},"18":{"loc":{"start":{"line":150,"column":2},"end":{"line":154,"column":3}},"type":"if","locations":[{"start":{"line":150,"column":2},"end":{"line":154,"column":3}}]},"19":{"loc":{"start":{"line":157,"column":2},"end":{"line":157,"column":46}},"type":"if","locations":[{"start":{"line":157,"column":2},"end":{"line":157,"column":46}}]},"20":{"loc":{"start":{"line":161,"column":2},"end":{"line":161,"column":38}},"type":"if","locations":[{"start":{"line":161,"column":2},"end":{"line":161,"column":38}}]},"21":{"loc":{"start":{"line":165,"column":4},"end":{"line":165,"column":62}},"type":"if","locations":[{"start":{"line":165,"column":4},"end":{"line":165,"column":62}}]},"22":{"loc":{"start":{"line":165,"column":8},"end":{"line":165,"column":47}},"type":"binary-expr","locations":[{"start":{"line":165,"column":8},"end":{"line":165,"column":26}},{"start":{"line":165,"column":30},"end":{"line":165,"column":47}}]},"23":{"loc":{"start":{"line":167,"column":4},"end":{"line":167,"column":67}},"type":"if","locations":[{"start":{"line":167,"column":4},"end":{"line":167,"column":67}}]},"24":{"loc":{"start":{"line":167,"column":8},"end":{"line":167,"column":52}},"type":"binary-expr","locations":[{"start":{"line":167,"column":8},"end":{"line":167,"column":29}},{"start":{"line":167,"column":33},"end":{"line":167,"column":52}}]},"25":{"loc":{"start":{"line":179,"column":2},"end":{"line":185,"column":3}},"type":"if","locations":[{"start":{"line":179,"column":2},"end":{"line":185,"column":3}}]},"26":{"loc":{"start":{"line":179,"column":6},"end":{"line":179,"column":37}},"type":"binary-expr","locations":[{"start":{"line":179,"column":6},"end":{"line":179,"column":10}},{"start":{"line":179,"column":14},"end":{"line":179,"column":37}}]},"27":{"loc":{"start":{"line":191,"column":2},"end":{"line":197,"column":3}},"type":"if","locations":[{"start":{"line":191,"column":2},"end":{"line":197,"column":3}}]},"28":{"loc":{"start":{"line":200,"column":2},"end":{"line":206,"column":3}},"type":"if","locations":[{"start":{"line":200,"column":2},"end":{"line":206,"column":3}}]},"29":{"loc":{"start":{"line":200,"column":6},"end":{"line":200,"column":104}},"type":"binary-expr","locations":[{"start":{"line":200,"column":6},"end":{"line":200,"column":36}},{"start":{"line":200,"column":40},"end":{"line":200,"column":71}},{"start":{"line":200,"column":75},"end":{"line":200,"column":104}}]},"30":{"loc":{"start":{"line":209,"column":2},"end":{"line":219,"column":3}},"type":"if","locations":[{"start":{"line":209,"column":2},"end":{"line":219,"column":3}}]},"31":{"loc":{"start":{"line":209,"column":6},"end":{"line":209,"column":71}},"type":"binary-expr","locations":[{"start":{"line":209,"column":6},"end":{"line":209,"column":36}},{"start":{"line":209,"column":40},"end":{"line":209,"column":71}}]},"32":{"loc":{"start":{"line":211,"column":4},"end":{"line":217,"column":5}},"type":"if","locations":[{"start":{"line":211,"column":4},"end":{"line":217,"column":5}}]},"33":{"loc":{"start":{"line":211,"column":8},"end":{"line":211,"column":62}},"type":"binary-expr","locations":[{"start":{"line":211,"column":8},"end":{"line":211,"column":31}},{"start":{"line":211,"column":35},"end":{"line":211,"column":62}}]},"34":{"loc":{"start":{"line":222,"column":2},"end":{"line":224,"column":3}},"type":"if","locations":[{"start":{"line":222,"column":2},"end":{"line":224,"column":3}}]},"35":{"loc":{"start":{"line":222,"column":6},"end":{"line":222,"column":80}},"type":"binary-expr","locations":[{"start":{"line":222,"column":6},"end":{"line":222,"column":29}},{"start":{"line":222,"column":33},"end":{"line":222,"column":55}},{"start":{"line":222,"column":59},"end":{"line":222,"column":80}}]},"36":{"loc":{"start":{"line":232,"column":4},"end":{"line":242,"column":5}},"type":"if","locations":[{"start":{"line":232,"column":4},"end":{"line":242,"column":5}},{"start":{"line":234,"column":11},"end":{"line":242,"column":5}}]},"37":{"loc":{"start":{"line":232,"column":8},"end":{"line":232,"column":63}},"type":"binary-expr","locations":[{"start":{"line":232,"column":8},"end":{"line":232,"column":33}},{"start":{"line":232,"column":37},"end":{"line":232,"column":63}}]},"38":{"loc":{"start":{"line":236,"column":23},"end":{"line":236,"column":90}},"type":"cond-expr","locations":[{"start":{"line":236,"column":37},"end":{"line":236,"column":72}},{"start":{"line":236,"column":75},"end":{"line":236,"column":90}}]},"39":{"loc":{"start":{"line":237,"column":16},"end":{"line":241,"column":37}},"type":"binary-expr","locations":[{"start":{"line":237,"column":16},"end":{"line":237,"column":41}},{"start":{"line":238,"column":16},"end":{"line":238,"column":36}},{"start":{"line":239,"column":16},"end":{"line":239,"column":40}},{"start":{"line":240,"column":16},"end":{"line":240,"column":38}},{"start":{"line":241,"column":16},"end":{"line":241,"column":37}}]},"40":{"loc":{"start":{"line":250,"column":13},"end":{"line":250,"column":65}},"type":"cond-expr","locations":[{"start":{"line":250,"column":23},"end":{"line":250,"column":32}},{"start":{"line":250,"column":35},"end":{"line":250,"column":65}}]}},"s":{"0":2,"1":2,"2":2,"3":2,"4":2,"5":29,"6":29,"7":29,"8":29,"9":29,"10":29,"11":2,"12":2,"13":14,"14":2,"15":12,"16":12,"17":12,"18":2,"19":10,"20":2,"21":12,"22":7,"23":14,"24":0,"25":14,"26":0,"27":14,"28":0,"29":14,"30":14,"31":0,"32":14,"33":14,"34":14,"35":4,"36":4,"37":0,"38":14,"39":14,"40":2,"41":2,"42":8,"43":12,"44":2,"45":10,"46":2,"47":8,"48":8,"49":0,"50":8,"51":8,"52":0,"53":8,"54":21,"55":0,"56":21,"57":0,"58":21,"59":23,"60":2,"61":21,"62":21,"63":21,"64":0,"65":21,"66":6,"67":15,"68":3,"69":2,"70":1,"71":13,"72":1,"73":13,"74":13,"75":13,"76":11,"77":0,"78":11,"79":11,"80":2,"81":13,"82":10},"f":{"0":29,"1":14,"2":7,"3":14,"4":8,"5":21,"6":23,"7":10},"b":{"0":[29,25,17,13,11],"1":[2],"2":[14,12],"3":[2,10],"4":[2],"5":[12,8],"6":[0],"7":[14,14],"8":[0],"9":[14,14],"10":[0],"11":[0],"12":[4],"13":[0],"14":[4,4,4],"15":[2],"16":[8,8],"17":[2],"18":[2],"19":[0],"20":[0],"21":[0],"22":[21,21],"23":[0],"24":[21,21],"25":[2],"26":[23,21],"27":[0],"28":[6],"29":[21,19,17],"30":[3],"31":[15,11],"32":[2],"33":[3,3],"34":[1],"35":[13,3,1],"36":[0,11],"37":[11,7],"38":[4,7],"39":[11,11,11,11,11],"40":[11,2]}}
}
