TN:
SF:src/components/App.tsx
FN:29,(anonymous_17)
FN:39,(anonymous_18)
FN:41,(anonymous_19)
FN:41,(anonymous_20)
FN:49,(anonymous_21)
FN:55,(anonymous_22)
FN:67,(anonymous_23)
FN:67,(anonymous_24)
FN:74,(anonymous_25)
FN:74,(anonymous_26)
FN:82,(anonymous_27)
FN:181,(anonymous_28)
FN:202,(anonymous_29)
FN:210,(anonymous_30)
FNF:14
FNH:11
FNDA:28,(anonymous_17)
FNDA:10,(anonymous_18)
FNDA:10,(anonymous_19)
FNDA:10,(anonymous_20)
FNDA:2,(anonymous_21)
FNDA:3,(anonymous_22)
FNDA:1,(anonymous_23)
FNDA:1,(anonymous_24)
FNDA:0,(anonymous_25)
FNDA:0,(anonymous_26)
FNDA:1,(anonymous_27)
FNDA:1,(anonymous_28)
FNDA:4,(anonymous_29)
FNDA:0,(anonymous_30)
DA:1,1
DA:2,1
DA:3,1
DA:4,1
DA:5,1
DA:6,1
DA:7,1
DA:8,1
DA:9,1
DA:10,1
DA:11,1
DA:12,1
DA:13,1
DA:14,1
DA:29,1
DA:30,28
DA:31,28
DA:32,28
DA:33,28
DA:34,28
DA:35,28
DA:37,28
DA:39,28
DA:41,10
DA:42,10
DA:43,10
DA:46,10
DA:49,28
DA:50,2
DA:51,2
DA:52,2
DA:55,28
DA:56,3
DA:58,3
DA:59,3
DA:60,3
DA:61,3
DA:62,0
DA:67,28
DA:69,1
DA:70,1
DA:71,1
DA:74,28
DA:76,0
DA:77,0
DA:79,0
DA:82,28
DA:83,1
DA:84,1
DA:85,1
DA:89,28
DA:90,2
DA:121,26
DA:122,3
DA:175,23
DA:181,1
DA:202,4
DA:210,0
DA:218,1
LF:59
LH:54
BRDA:43,0,0,10
BRDA:43,0,1,10
BRDA:59,1,0,3
BRDA:61,2,0,0
BRDA:69,3,0,0
BRDA:69,3,1,1
BRDA:69,4,0,1
BRDA:69,4,1,1
BRDA:76,5,0,0
BRDA:76,6,0,0
BRDA:76,6,1,0
BRDA:77,7,0,0
BRDA:77,7,1,0
BRDA:77,8,0,0
BRDA:77,8,1,0
BRDA:89,9,0,2
BRDA:89,10,0,28
BRDA:89,10,1,2
BRDA:121,11,0,3
BRDA:162,12,0,0
BRDA:162,12,1,3
BRDA:162,13,0,3
BRDA:162,13,1,3
BRDA:163,14,0,0
BRDA:163,14,1,3
BRDA:163,15,0,3
BRDA:163,15,1,3
BRDA:164,16,0,0
BRDA:164,16,1,3
BRDA:164,17,0,3
BRDA:164,17,1,3
BRDA:165,18,0,0
BRDA:165,18,1,3
BRDA:165,19,0,3
BRDA:165,19,1,3
BRDA:180,20,0,8
BRDA:180,20,1,15
BRDA:187,21,0,15
BRDA:187,21,1,2
BRF:39
BRH:26
end_of_record
TN:
SF:src/components/EventLog.tsx
FN:14,(anonymous_1)
FNF:1
FNH:1
FNDA:237,(anonymous_1)
DA:1,1
DA:2,1
DA:14,1
DA:15,237
LF:4
LH:4
BRF:0
BRH:0
end_of_record
TN:
SF:src/components/Signer.tsx
FN:43,(anonymous_16)
FN:63,(anonymous_17)
FN:64,(anonymous_18)
FN:64,(anonymous_19)
FN:74,(anonymous_20)
FN:81,(anonymous_21)
FN:92,(anonymous_22)
FN:112,(anonymous_23)
FN:116,(anonymous_24)
FN:130,(anonymous_25)
FN:135,(anonymous_26)
FN:157,(anonymous_27)
FN:159,(anonymous_28)
FN:168,(anonymous_29)
FN:180,(anonymous_30)
FN:180,(anonymous_31)
FN:183,(anonymous_32)
FN:184,(anonymous_33)
FN:185,(anonymous_34)
FN:192,(anonymous_35)
FN:220,(anonymous_36)
FN:248,(anonymous_37)
FN:255,(anonymous_38)
FN:256,(anonymous_39)
FN:259,(anonymous_40)
FN:259,(anonymous_41)
FN:281,(anonymous_42)
FN:286,(anonymous_43)
FN:294,(anonymous_44)
FN:298,(anonymous_45)
FN:300,(anonymous_46)
FN:301,(anonymous_47)
FN:302,(anonymous_48)
FN:304,(anonymous_49)
FN:306,(anonymous_50)
FN:308,(anonymous_51)
FN:310,(anonymous_52)
FN:314,(anonymous_53)
FN:316,(anonymous_54)
FN:317,(anonymous_55)
FN:318,(anonymous_56)
FN:320,(anonymous_57)
FN:322,(anonymous_58)
FN:324,(anonymous_59)
FN:326,(anonymous_60)
FN:346,(anonymous_61)
FN:346,(anonymous_62)
FN:358,(anonymous_63)
FN:395,(anonymous_64)
FN:421,(anonymous_65)
FN:441,(anonymous_66)
FN:462,(anonymous_67)
FN:526,(anonymous_68)
FN:540,(anonymous_69)
FN:547,(anonymous_70)
FN:560,(anonymous_71)
FNF:56
FNH:20
FNDA:237,(anonymous_16)
FNDA:0,(anonymous_17)
FNDA:0,(anonymous_18)
FNDA:0,(anonymous_19)
FNDA:0,(anonymous_20)
FNDA:0,(anonymous_21)
FNDA:0,(anonymous_22)
FNDA:9,(anonymous_23)
FNDA:9,(anonymous_24)
FNDA:6,(anonymous_25)
FNDA:0,(anonymous_26)
FNDA:25,(anonymous_27)
FNDA:25,(anonymous_28)
FNDA:25,(anonymous_29)
FNDA:0,(anonymous_30)
FNDA:0,(anonymous_31)
FNDA:0,(anonymous_32)
FNDA:0,(anonymous_33)
FNDA:0,(anonymous_34)
FNDA:67,(anonymous_35)
FNDA:65,(anonymous_36)
FNDA:3,(anonymous_37)
FNDA:1,(anonymous_38)
FNDA:2,(anonymous_39)
FNDA:3,(anonymous_40)
FNDA:3,(anonymous_41)
FNDA:0,(anonymous_42)
FNDA:0,(anonymous_43)
FNDA:0,(anonymous_44)
FNDA:0,(anonymous_45)
FNDA:0,(anonymous_46)
FNDA:0,(anonymous_47)
FNDA:0,(anonymous_48)
FNDA:0,(anonymous_49)
FNDA:0,(anonymous_50)
FNDA:0,(anonymous_51)
FNDA:0,(anonymous_52)
FNDA:0,(anonymous_53)
FNDA:0,(anonymous_54)
FNDA:0,(anonymous_55)
FNDA:0,(anonymous_56)
FNDA:0,(anonymous_57)
FNDA:0,(anonymous_58)
FNDA:0,(anonymous_59)
FNDA:0,(anonymous_60)
FNDA:0,(anonymous_61)
FNDA:0,(anonymous_62)
FNDA:3,(anonymous_63)
FNDA:65,(anonymous_64)
FNDA:0,(anonymous_65)
FNDA:67,(anonymous_66)
FNDA:0,(anonymous_67)
FNDA:60,(anonymous_68)
FNDA:240,(anonymous_69)
FNDA:1,(anonymous_70)
FNDA:0,(anonymous_71)
DA:1,1
DA:2,1
DA:3,1
DA:4,1
DA:5,1
DA:6,1
DA:7,1
DA:9,1
DA:10,1
DA:17,1
DA:41,1
DA:43,1
DA:44,237
DA:45,237
DA:46,237
DA:47,237
DA:48,237
DA:49,237
DA:51,237
DA:52,237
DA:54,237
DA:58,237
DA:61,237
DA:63,237
DA:64,0
DA:65,0
DA:66,0
DA:67,0
DA:74,237
DA:75,0
DA:76,0
DA:80,0
DA:81,0
DA:82,0
DA:90,0
DA:91,0
DA:92,0
DA:93,0
DA:95,0
DA:96,0
DA:99,0
DA:102,0
DA:107,0
DA:112,237
DA:113,9
DA:114,9
DA:116,9
DA:118,9
DA:119,0
DA:120,0
DA:121,0
DA:125,9
DA:130,237
DA:131,6
DA:133,3
DA:135,3
DA:137,0
DA:138,0
DA:140,0
DA:143,3
DA:145,3
DA:147,0
DA:150,3
DA:151,3
DA:157,237
DA:159,25
DA:160,25
DA:161,3
DA:162,3
DA:168,237
DA:169,25
DA:170,4
DA:171,4
DA:174,25
DA:175,4
DA:176,4
DA:180,237
DA:181,0
DA:182,0
DA:183,0
DA:184,0
DA:185,0
DA:188,0
DA:192,237
DA:193,67
DA:194,67
DA:197,67
DA:198,54
DA:200,54
DA:203,54
DA:207,0
DA:208,0
DA:211,54
DA:213,0
DA:216,13
DA:220,237
DA:221,65
DA:222,65
DA:225,65
DA:226,65
DA:228,65
DA:231,65
DA:235,0
DA:236,0
DA:239,65
DA:241,0
DA:244,0
DA:248,237
DA:249,3
DA:250,3
DA:251,3
DA:255,237
DA:256,2
DA:259,237
DA:260,3
DA:261,0
DA:262,0
DA:265,3
DA:267,3
DA:268,3
DA:269,3
DA:272,3
DA:278,3
DA:281,3
DA:282,0
DA:283,0
DA:284,0
DA:286,3
DA:287,0
DA:288,0
DA:289,0
DA:294,3
DA:298,3
DA:300,3
DA:301,3
DA:302,3
DA:304,3
DA:306,3
DA:308,3
DA:310,3
DA:314,3
DA:316,3
DA:317,3
DA:318,3
DA:320,3
DA:322,3
DA:324,3
DA:326,3
DA:329,3
DA:330,3
DA:331,3
DA:332,3
DA:334,0
DA:338,0
DA:339,0
DA:340,0
DA:341,0
DA:342,0
DA:346,237
DA:347,0
DA:348,0
DA:349,0
DA:350,0
DA:351,0
DA:353,0
DA:354,0
DA:358,237
DA:359,3
DA:360,0
DA:362,3
DA:366,237
DA:395,65
DA:421,0
DA:441,67
DA:462,0
DA:526,60
DA:541,240
DA:547,1
DA:560,0
DA:568,1
DA:570,1
LF:181
LH:118
BRDA:46,0,0,237
BRDA:46,0,1,229
BRDA:46,1,0,229
BRDA:46,1,1,8
BRDA:46,2,0,237
BRDA:46,2,1,237
BRDA:51,3,0,237
BRDA:51,3,1,229
BRDA:51,4,0,229
BRDA:51,4,1,8
BRDA:51,5,0,237
BRDA:51,5,1,237
BRDA:66,6,0,0
BRDA:75,7,0,0
BRDA:75,8,0,0
BRDA:75,8,1,0
BRDA:80,9,0,0
BRDA:80,10,0,0
BRDA:80,10,1,0
BRDA:82,11,0,0
BRDA:82,11,1,0
BRDA:82,11,2,0
BRDA:82,11,3,0
BRDA:93,12,0,0
BRDA:96,13,0,0
BRDA:96,13,1,0
BRDA:118,14,0,0
BRDA:120,15,0,0
BRDA:131,16,0,3
BRDA:137,17,0,0
BRDA:137,18,0,0
BRDA:137,18,1,0
BRDA:160,19,0,3
BRDA:169,20,0,4
BRDA:169,21,0,21
BRDA:169,21,1,4
BRDA:169,22,0,25
BRDA:169,22,1,25
BRDA:174,23,0,4
BRDA:174,24,0,21
BRDA:174,24,1,4
BRDA:174,25,0,25
BRDA:174,25,1,25
BRDA:197,26,0,54
BRDA:197,26,1,13
BRDA:197,27,0,67
BRDA:197,27,1,54
BRDA:203,28,0,0
BRDA:203,29,0,54
BRDA:203,29,1,54
BRDA:203,29,2,54
BRDA:203,29,3,54
BRDA:225,30,0,65
BRDA:225,30,1,0
BRDA:225,31,0,65
BRDA:225,31,1,65
BRDA:231,32,0,0
BRDA:231,33,0,65
BRDA:231,33,1,65
BRDA:231,33,2,65
BRDA:231,33,3,65
BRDA:249,34,0,3
BRDA:249,35,0,3
BRDA:249,35,1,3
BRDA:260,36,0,0
BRDA:260,37,0,3
BRDA:260,37,1,3
BRDA:260,37,2,3
BRDA:329,38,0,3
BRDA:329,38,1,0
BRDA:338,39,0,0
BRDA:338,39,1,0
BRDA:353,40,0,0
BRDA:353,40,1,0
BRDA:359,41,0,0
BRDA:359,41,1,3
BRDA:397,42,0,237
BRDA:397,42,1,234
BRDA:423,43,0,237
BRDA:423,43,1,131
BRDA:426,44,0,0
BRDA:426,44,1,237
BRDA:443,45,0,237
BRDA:443,45,1,234
BRDA:464,46,0,237
BRDA:464,46,1,87
BRDA:467,47,0,0
BRDA:467,47,1,237
BRDA:479,48,0,3
BRDA:479,48,1,234
BRDA:481,49,0,6
BRDA:481,49,1,228
BRDA:487,50,0,3
BRDA:487,50,1,234
BRDA:488,51,0,6
BRDA:488,51,1,228
BRDA:496,52,0,3
BRDA:496,52,1,234
BRDA:500,53,0,237
BRDA:500,53,1,70
BRDA:500,53,2,49
BRDA:500,53,3,49
BRDA:502,54,0,3
BRDA:502,54,1,234
BRDA:502,55,0,6
BRDA:502,55,1,228
BRDA:528,56,0,237
BRDA:528,56,1,234
BRDA:533,57,0,237
BRDA:533,57,1,60
BRDA:533,57,2,60
BRDA:549,58,0,240
BRDA:549,58,1,237
BRDA:549,58,2,231
BRF:114
BRH:83
end_of_record
TN:
SF:src/components/ui/app-header.tsx
FN:7,AppHeader
FNF:1
FNH:1
FNDA:24,AppHeader
DA:1,1
DA:7,1
DA:8,24
LF:3
LH:3
BRDA:15,0,0,24
BRDA:15,0,1,19
BRF:2
BRH:2
end_of_record
TN:
SF:src/components/ui/badge.tsx
FN:29,Badge
FNF:1
FNH:1
FNDA:6,Badge
DA:1,1
DA:2,1
DA:3,1
DA:5,1
DA:29,6
DA:30,6
DA:35,1
LF:7
LH:7
BRF:0
BRH:0
end_of_record
TN:
SF:src/components/ui/button.tsx
FN:43,(anonymous_10)
FNF:1
FNH:1
FNDA:1443,(anonymous_10)
DA:1,2
DA:2,2
DA:3,2
DA:5,2
DA:7,2
DA:42,2
DA:43,1443
DA:44,1443
DA:45,1443
DA:54,2
DA:56,2
LF:11
LH:11
BRDA:43,0,0,1443
BRDA:44,1,0,0
BRDA:44,1,1,1443
BRF:3
BRH:2
end_of_record
TN:
SF:src/components/ui/card.tsx
FN:8,(anonymous_10)
FN:23,(anonymous_11)
FN:35,(anonymous_12)
FN:50,(anonymous_13)
FN:62,(anonymous_14)
FN:70,(anonymous_15)
FNF:6
FNH:2
FNDA:237,(anonymous_10)
FNDA:0,(anonymous_11)
FNDA:0,(anonymous_12)
FNDA:0,(anonymous_13)
FNDA:237,(anonymous_14)
FNDA:0,(anonymous_15)
DA:1,1
DA:3,1
DA:5,1
DA:8,237
DA:18,1
DA:20,1
DA:23,0
DA:30,1
DA:32,1
DA:35,0
DA:45,1
DA:47,1
DA:50,0
DA:57,1
DA:59,1
DA:62,237
DA:65,1
DA:67,1
DA:70,0
DA:77,1
DA:79,1
LF:21
LH:17
BRF:0
BRH:0
end_of_record
TN:
SF:src/components/ui/content-card.tsx
FN:15,ContentCard
FNF:1
FNH:1
FNDA:24,ContentCard
DA:1,1
DA:2,1
DA:3,1
DA:4,1
DA:15,1
DA:23,24
LF:6
LH:6
BRDA:19,0,0,24
BRDA:25,1,0,24
BRDA:25,1,1,19
BRDA:25,1,2,19
BRDA:25,1,3,5
BRDA:28,2,0,5
BRDA:28,2,1,5
BRDA:33,3,0,5
BRDA:33,3,1,0
BRF:9
BRH:8
end_of_record
TN:
SF:src/components/ui/event-log.tsx
FN:16,(anonymous_9)
FN:27,(anonymous_10)
FN:39,(anonymous_11)
FN:45,(anonymous_12)
FN:50,(anonymous_13)
FN:70,(anonymous_14)
FN:71,(anonymous_15)
FN:82,(anonymous_16)
FN:100,(anonymous_17)
FN:117,(anonymous_18)
FNF:10
FNH:4
FNDA:237,(anonymous_9)
FNDA:0,(anonymous_10)
FNDA:31,(anonymous_11)
FNDA:0,(anonymous_12)
FNDA:237,(anonymous_13)
FNDA:0,(anonymous_14)
FNDA:0,(anonymous_15)
FNDA:0,(anonymous_16)
FNDA:0,(anonymous_17)
FNDA:21,(anonymous_18)
DA:1,1
DA:2,1
DA:3,1
DA:4,1
DA:5,1
DA:6,1
DA:16,1
DA:23,237
DA:24,237
DA:25,237
DA:27,237
DA:28,0
DA:30,0
DA:31,0
DA:32,0
DA:34,0
DA:35,0
DA:39,237
DA:40,31
DA:41,0
DA:45,237
DA:46,0
DA:47,0
DA:50,237
DA:51,237
DA:52,12
DA:56,237
DA:70,237
DA:71,0
DA:74,237
DA:83,0
DA:84,0
DA:85,0
DA:100,0
DA:118,21
DA:133,1
LF:36
LH:22
BRDA:18,0,0,0
BRDA:20,1,0,237
BRDA:21,2,0,237
BRDA:28,3,0,0
BRDA:34,4,0,0
BRDA:35,5,0,0
BRDA:35,5,1,0
BRDA:35,6,0,0
BRDA:35,6,1,0
BRDA:40,7,0,0
BRDA:51,8,0,225
BRDA:52,9,0,3
BRDA:52,9,1,9
BRDA:58,10,0,0
BRDA:58,10,1,237
BRDA:76,11,0,237
BRDA:76,11,1,237
BRDA:83,12,0,0
BRDA:83,13,0,0
BRDA:83,13,1,0
BRDA:90,14,0,0
BRDA:90,14,1,237
BRDA:108,15,0,0
BRDA:108,15,1,237
BRDA:115,16,0,12
BRDA:115,16,1,225
BRF:26
BRH:12
end_of_record
TN:
SF:src/components/ui/icon-button.tsx
FN:38,(anonymous_10)
FNF:1
FNH:1
FNDA:477,(anonymous_10)
DA:1,2
DA:2,2
DA:3,2
DA:4,2
DA:6,2
DA:37,2
DA:38,477
DA:39,477
DA:55,2
DA:57,2
LF:10
LH:10
BRF:0
BRH:0
end_of_record
TN:
SF:src/components/ui/input.tsx
FN:6,(anonymous_10)
FNF:1
FNH:1
FNDA:711,(anonymous_10)
DA:1,1
DA:3,1
DA:5,1
DA:6,711
DA:7,711
DA:20,1
DA:22,1
LF:7
LH:7
BRF:0
BRH:0
end_of_record
TN:
SF:src/components/ui/log-entry.tsx
FN:20,(anonymous_9)
FN:32,(anonymous_10)
FN:36,(anonymous_11)
FN:38,(anonymous_12)
FN:42,(anonymous_13)
FN:61,(anonymous_14)
FNF:6
FNH:3
FNDA:6,(anonymous_9)
FNDA:6,(anonymous_10)
FNDA:0,(anonymous_11)
FNDA:0,(anonymous_12)
FNDA:6,(anonymous_13)
FNDA:0,(anonymous_14)
DA:1,1
DA:2,1
DA:3,1
DA:4,1
DA:20,1
DA:21,6
DA:22,0
DA:23,0
DA:24,0
DA:25,0
DA:26,0
DA:27,0
DA:28,6
DA:32,1
DA:33,6
DA:34,6
DA:36,6
DA:37,0
DA:38,0
DA:42,6
DA:43,6
DA:44,0
DA:45,0
DA:47,0
DA:51,6
DA:62,0
DA:63,0
DA:64,0
DA:103,1
LF:29
LH:15
BRDA:21,0,0,0
BRDA:21,0,1,0
BRDA:21,0,2,0
BRDA:21,0,3,0
BRDA:21,0,4,0
BRDA:21,0,5,0
BRDA:21,0,6,6
BRDA:34,1,0,6
BRDA:34,1,1,0
BRDA:37,2,0,0
BRDA:43,3,0,6
BRDA:56,4,0,6
BRDA:56,4,1,0
BRDA:59,5,0,0
BRDA:59,5,1,6
BRDA:60,6,0,0
BRDA:60,6,1,6
BRDA:61,7,0,0
BRDA:61,7,1,6
BRDA:62,8,0,0
BRDA:62,9,0,0
BRDA:62,9,1,0
BRDA:68,10,0,0
BRDA:68,10,1,6
BRDA:72,11,0,0
BRDA:72,11,1,0
BRDA:74,12,0,0
BRDA:74,12,1,0
BRDA:89,13,0,6
BRDA:89,13,1,0
BRDA:92,14,0,0
BRDA:92,14,1,0
BRF:32
BRH:9
end_of_record
TN:
SF:src/components/ui/page-layout.tsx
FN:10,PageLayout
FNF:1
FNH:1
FNDA:24,PageLayout
DA:1,1
DA:2,1
DA:10,1
DA:15,24
LF:4
LH:4
BRDA:13,0,0,24
BRF:1
BRH:1
end_of_record
TN:
SF:src/components/ui/status-indicator.tsx
FN:13,(anonymous_1)
FNF:1
FNH:1
FNDA:237,(anonymous_1)
DA:1,1
DA:2,1
DA:13,1
DA:21,237
DA:29,237
DA:43,1
LF:6
LH:6
BRDA:32,0,0,237
BRDA:32,0,1,237
BRDA:32,0,2,237
BRDA:35,1,0,237
BRDA:35,1,1,237
BRDA:35,2,0,225
BRDA:35,2,1,12
BRDA:36,3,0,237
BRDA:36,3,1,237
BRDA:36,4,0,3
BRDA:36,4,1,234
BRF:11
BRH:11
end_of_record
TN:
SF:src/components/ui/tabs.tsx
FN:11,(anonymous_10)
FN:26,(anonymous_11)
FN:41,(anonymous_12)
FNF:3
FNH:3
FNDA:3,(anonymous_10)
FNDA:6,(anonymous_11)
FNDA:6,(anonymous_12)
DA:1,1
DA:2,1
DA:4,1
DA:6,1
DA:8,1
DA:11,3
DA:21,1
DA:23,1
DA:26,6
DA:36,1
DA:38,1
DA:41,6
DA:51,1
DA:53,1
LF:14
LH:14
BRF:0
BRH:0
end_of_record
TN:
SF:src/components/ui/tooltip.tsx
FN:13,(anonymous_9)
FN:33,(anonymous_10)
FN:34,(anonymous_11)
FNF:3
FNH:3
FNDA:1443,(anonymous_9)
FNDA:10,(anonymous_10)
FNDA:7,(anonymous_11)
DA:1,2
DA:2,2
DA:13,2
DA:21,1443
DA:23,1443
DA:30,1443
DA:33,10
DA:34,7
DA:53,2
LF:9
LH:9
BRDA:17,0,0,4
BRDA:18,1,0,969
BRDA:37,2,0,1443
BRDA:37,2,1,142
BRF:4
BRH:4
end_of_record
TN:
SF:src/lib/clientShareManager.ts
FN:12,(anonymous_7)
FN:25,(anonymous_9)
FN:33,(anonymous_11)
FN:42,(anonymous_12)
FN:68,(anonymous_13)
FN:77,(anonymous_15)
FN:86,(anonymous_17)
FNF:7
FNH:7
FNDA:14,(anonymous_7)
FNDA:9,(anonymous_9)
FNDA:17,(anonymous_11)
FNDA:21,(anonymous_12)
FNDA:6,(anonymous_13)
FNDA:2,(anonymous_15)
FNDA:4,(anonymous_17)
DA:1,3
DA:2,3
DA:6,3
DA:13,14
DA:14,14
DA:15,12
DA:16,12
DA:18,12
DA:20,2
DA:21,2
DA:26,9
DA:27,9
DA:30,8
DA:33,8
DA:35,17
DA:36,5
DA:40,12
DA:41,12
DA:42,21
DA:43,12
DA:44,1
DA:49,11
DA:50,4
DA:51,4
DA:52,3
DA:54,1
DA:58,7
DA:61,8
DA:62,8
DA:65,8
DA:69,6
DA:70,6
DA:72,2
DA:73,2
DA:78,2
DA:79,2
DA:81,0
DA:82,0
DA:87,4
DA:88,4
DA:90,2
DA:95,3
LF:42
LH:40
BRDA:15,0,0,12
BRDA:27,1,0,1
BRDA:27,2,0,9
BRDA:27,2,1,8
BRDA:35,3,0,5
BRDA:35,4,0,17
BRDA:35,4,1,10
BRDA:40,5,0,12
BRDA:43,6,0,1
BRDA:49,7,0,4
BRDA:61,8,0,8
BRF:11
BRH:11
end_of_record
TN:
SF:src/lib/encryption.ts
FN:6,derive_secret
FN:17,encrypt_payload
FN:31,decrypt_payload
FNF:3
FNH:3
FNDA:8,derive_secret
FNDA:5,encrypt_payload
FNDA:6,decrypt_payload
DA:1,2
DA:2,2
DA:3,2
DA:4,2
DA:6,2
DA:10,8
DA:11,8
DA:12,8
DA:13,8
DA:14,8
DA:17,2
DA:22,5
DA:23,5
DA:24,5
DA:27,5
DA:28,5
DA:31,2
DA:35,6
DA:36,6
DA:37,6
DA:38,6
DA:39,6
DA:40,5
LF:23
LH:23
BRDA:24,0,0,1
BRDA:24,0,1,4
BRF:2
BRH:2
end_of_record
TN:
SF:src/lib/filesystem.ts
FN:16,sanitizeShareFilename
FN:75,hasUnsafeCharacters
FN:85,validateOSSpecificRules
FN:110,applyOSSpecificFixes
FN:135,isFilenameSafe
FNF:5
FNH:5
FNDA:19,sanitizeShareFilename
FNDA:19,hasUnsafeCharacters
FNDA:19,validateOSSpecificRules
FNDA:3,applyOSSpecificFixes
FNDA:4,isFilenameSafe
DA:1,1
DA:16,1
DA:20,19
DA:21,19
DA:24,19
DA:27,19
DA:30,19
DA:31,1
DA:35,19
DA:38,19
DA:39,0
DA:40,0
DA:44,19
DA:47,19
DA:48,0
DA:52,19
DA:55,19
DA:56,3
DA:60,19
DA:62,19
DA:64,19
DA:78,19
DA:79,19
DA:86,19
DA:89,19
DA:90,19
DA:91,1
DA:95,19
DA:96,1
DA:100,19
DA:101,1
DA:104,19
DA:111,3
DA:114,3
DA:117,3
DA:118,3
DA:119,0
DA:123,3
DA:124,0
DA:127,3
DA:135,1
DA:136,4
DA:137,4
DA:143,1
LF:44
LH:39
BRDA:18,0,0,19
BRDA:20,1,0,19
BRDA:20,2,0,19
BRDA:30,3,0,1
BRDA:38,4,0,0
BRDA:38,5,0,19
BRDA:38,5,1,19
BRDA:47,6,0,0
BRDA:55,7,0,3
BRDA:62,8,0,19
BRDA:62,8,1,15
BRDA:67,9,0,19
BRDA:67,9,1,12
BRDA:67,9,2,9
BRDA:90,10,0,1
BRDA:95,11,0,1
BRDA:95,12,0,19
BRDA:95,12,1,19
BRDA:100,13,0,1
BRDA:118,14,0,0
BRDA:123,15,0,0
BRDA:123,16,0,3
BRDA:123,16,1,3
BRDA:137,17,0,4
BRDA:137,17,1,4
BRF:25
BRH:21
end_of_record
TN:
SF:src/lib/shareManager.ts
FN:26,(anonymous_0)
FN:40,(anonymous_1)
FN:47,(anonymous_2)
FN:67,(anonymous_3)
FN:76,(anonymous_4)
FN:111,(anonymous_5)
FN:132,(anonymous_6)
FN:153,getAllShares
FNF:8
FNH:8
FNDA:22,(anonymous_0)
FNDA:1,(anonymous_1)
FNDA:22,(anonymous_2)
FNDA:8,(anonymous_3)
FNDA:7,(anonymous_4)
FNDA:3,(anonymous_5)
FNDA:3,(anonymous_6)
FNDA:2,getAllShares
DA:3,1
DA:5,1
DA:7,1
DA:28,22
DA:29,22
DA:32,22
DA:41,1
DA:48,22
DA:50,22
DA:51,22
DA:52,8
DA:55,16
DA:56,3
DA:59,6
DA:68,8
DA:70,8
DA:71,2
DA:75,5
DA:76,7
DA:79,5
DA:80,2
DA:84,3
DA:86,3
DA:87,4
DA:88,4
DA:90,4
DA:91,4
DA:92,3
DA:94,1
DA:99,3
DA:101,1
DA:102,1
DA:112,3
DA:113,3
DA:114,1
DA:115,1
DA:118,2
DA:119,2
DA:120,1
DA:122,1
DA:123,1
DA:133,3
DA:134,3
DA:136,3
DA:137,1
DA:140,2
DA:141,1
DA:143,1
DA:144,1
DA:154,2
DA:155,2
DA:159,1
LF:52
LH:52
BRDA:51,0,0,8
BRDA:55,1,0,3
BRDA:70,2,0,2
BRDA:79,3,0,2
BRDA:99,4,0,3
BRDA:99,4,1,0
BRDA:113,5,0,1
BRDA:136,6,0,1
BRF:8
BRH:7
end_of_record
TN:
SF:src/lib/utils.ts
FN:4,cn
FNF:1
FNH:1
FNDA:5713,cn
DA:1,2
DA:2,2
DA:4,2
DA:5,5713
LF:4
LH:4
BRF:0
BRH:0
end_of_record
TN:
SF:src/lib/validation.ts
FN:15,validatePassword
FN:70,validateSalt
FN:103,isValidSalt
FN:112,isValidHostname
FN:143,(anonymous_4)
FN:163,(anonymous_5)
FN:178,formatRelayUrl
FN:259,isValidRelayUrl
FNF:8
FNH:8
FNDA:29,validatePassword
FNDA:14,validateSalt
FNDA:7,isValidSalt
FNDA:14,isValidHostname
FNDA:8,(anonymous_4)
FNDA:21,(anonymous_5)
FNDA:23,formatRelayUrl
FNDA:10,isValidRelayUrl
DA:15,2
DA:16,29
DA:17,29
DA:18,29
DA:19,29
DA:20,29
DA:22,29
DA:35,2
DA:60,2
DA:70,2
DA:71,14
DA:72,2
DA:80,12
DA:81,12
DA:84,12
DA:85,2
DA:86,10
DA:87,2
DA:90,12
DA:103,2
DA:104,7
DA:114,14
DA:115,14
DA:116,14
DA:125,14
DA:126,14
DA:128,14
DA:129,14
DA:132,14
DA:133,4
DA:134,4
DA:139,14
DA:140,14
DA:142,2
DA:143,8
DA:147,12
DA:150,10
DA:153,2
DA:156,8
DA:157,8
DA:160,8
DA:161,8
DA:163,8
DA:165,21
DA:167,21
DA:169,21
DA:178,2
DA:179,23
DA:180,2
DA:187,21
DA:188,21
DA:191,21
DA:192,0
DA:200,21
DA:201,6
DA:209,15
DA:211,3
DA:212,2
DA:218,1
DA:222,13
DA:223,1
DA:227,13
DA:228,13
DA:229,13
DA:232,11
DA:233,0
DA:236,11
DA:237,11
DA:244,2
DA:247,13
DA:259,2
DA:260,10
LF:72
LH:70
BRDA:23,0,0,29
BRDA:23,0,1,25
BRDA:23,0,2,17
BRDA:23,0,3,13
BRDA:23,0,4,11
BRDA:71,1,0,2
BRDA:71,2,0,14
BRDA:71,2,1,12
BRDA:84,3,0,2
BRDA:84,3,1,10
BRDA:86,4,0,2
BRDA:91,5,0,12
BRDA:91,5,1,8
BRDA:114,6,0,0
BRDA:114,7,0,14
BRDA:114,7,1,14
BRDA:115,8,0,0
BRDA:115,9,0,14
BRDA:115,9,1,14
BRDA:116,10,0,0
BRDA:126,11,0,0
BRDA:132,12,0,4
BRDA:134,13,0,0
BRDA:134,14,0,4
BRDA:134,14,1,4
BRDA:134,14,2,4
BRDA:140,15,0,2
BRDA:143,16,0,8
BRDA:143,16,1,8
BRDA:147,17,0,2
BRDA:150,18,0,2
BRDA:157,19,0,0
BRDA:161,20,0,0
BRDA:165,21,0,0
BRDA:165,22,0,21
BRDA:165,22,1,21
BRDA:167,23,0,0
BRDA:167,24,0,21
BRDA:167,24,1,21
BRDA:179,25,0,2
BRDA:179,26,0,23
BRDA:179,26,1,21
BRDA:191,27,0,0
BRDA:200,28,0,6
BRDA:200,29,0,21
BRDA:200,29,1,19
BRDA:200,29,2,17
BRDA:209,30,0,3
BRDA:209,31,0,15
BRDA:209,31,1,11
BRDA:211,32,0,2
BRDA:211,33,0,3
BRDA:211,33,1,3
BRDA:222,34,0,1
BRDA:222,35,0,13
BRDA:222,35,1,3
BRDA:222,35,2,1
BRDA:232,36,0,0
BRDA:232,36,1,11
BRDA:232,37,0,11
BRDA:232,37,1,7
BRDA:236,38,0,4
BRDA:236,38,1,7
BRDA:237,39,0,11
BRDA:237,39,1,11
BRDA:237,39,2,11
BRDA:237,39,3,11
BRDA:237,39,4,11
BRDA:250,40,0,11
BRDA:250,40,1,2
BRF:70
BRH:59
end_of_record
